<?xml version="1.0" encoding="UTF-8"?>
<testsuite xmlns:xsi="http://www.w3.org/2001/XMLSchema-instance" xsi:noNamespaceSchemaLocation="https://maven.apache.org/surefire/maven-surefire-plugin/xsd/surefire-test-report.xsd" name="TestSuite" time="298.967" tests="29" errors="0" skipped="0" failures="15">
  <properties>
    <property name="sun.desktop" value="windows"/>
    <property name="awt.toolkit" value="sun.awt.windows.WToolkit"/>
    <property name="java.specification.version" value="11"/>
    <property name="sun.cpu.isalist" value="amd64"/>
    <property name="sun.jnu.encoding" value="Cp1252"/>
    <property name="java.class.path" value="C:\Users\user\eclipse-workspace\Interview10032024\target\test-classes;C:\Users\user\eclipse-workspace\Interview10032024\target\classes;C:\Users\user\.m2\repository\org\testng\testng\6.14.3\testng-6.14.3.jar;C:\Users\user\.m2\repository\com\beust\jcommander\1.72\jcommander-1.72.jar;C:\Users\user\.m2\repository\org\apache-extras\beanshell\bsh\2.0b6\bsh-2.0b6.jar;C:\Users\user\.m2\repository\org\seleniumhq\selenium\selenium-java\3.141.59\selenium-java-3.141.59.jar;C:\Users\user\.m2\repository\org\seleniumhq\selenium\selenium-api\3.141.59\selenium-api-3.141.59.jar;C:\Users\user\.m2\repository\org\seleniumhq\selenium\selenium-chrome-driver\3.141.59\selenium-chrome-driver-3.141.59.jar;C:\Users\user\.m2\repository\org\seleniumhq\selenium\selenium-edge-driver\3.141.59\selenium-edge-driver-3.141.59.jar;C:\Users\user\.m2\repository\org\seleniumhq\selenium\selenium-firefox-driver\3.141.59\selenium-firefox-driver-3.141.59.jar;C:\Users\user\.m2\repository\org\seleniumhq\selenium\selenium-ie-driver\3.141.59\selenium-ie-driver-3.141.59.jar;C:\Users\user\.m2\repository\org\seleniumhq\selenium\selenium-opera-driver\3.141.59\selenium-opera-driver-3.141.59.jar;C:\Users\user\.m2\repository\org\seleniumhq\selenium\selenium-remote-driver\3.141.59\selenium-remote-driver-3.141.59.jar;C:\Users\user\.m2\repository\org\seleniumhq\selenium\selenium-safari-driver\3.141.59\selenium-safari-driver-3.141.59.jar;C:\Users\user\.m2\repository\org\seleniumhq\selenium\selenium-support\3.141.59\selenium-support-3.141.59.jar;C:\Users\user\.m2\repository\net\bytebuddy\byte-buddy\1.8.15\byte-buddy-1.8.15.jar;C:\Users\user\.m2\repository\org\apache\commons\commons-exec\1.3\commons-exec-1.3.jar;C:\Users\user\.m2\repository\com\google\guava\guava\25.0-jre\guava-25.0-jre.jar;C:\Users\user\.m2\repository\com\google\code\findbugs\jsr305\1.3.9\jsr305-1.3.9.jar;C:\Users\user\.m2\repository\org\checkerframework\checker-compat-qual\2.0.0\checker-compat-qual-2.0.0.jar;C:\Users\user\.m2\repository\com\google\errorprone\error_prone_annotations\2.1.3\error_prone_annotations-2.1.3.jar;C:\Users\user\.m2\repository\com\google\j2objc\j2objc-annotations\1.1\j2objc-annotations-1.1.jar;C:\Users\user\.m2\repository\org\codehaus\mojo\animal-sniffer-annotations\1.14\animal-sniffer-annotations-1.14.jar;C:\Users\user\.m2\repository\com\squareup\okhttp3\okhttp\3.11.0\okhttp-3.11.0.jar;C:\Users\user\.m2\repository\com\squareup\okio\okio\1.14.0\okio-1.14.0.jar;C:\Users\user\.m2\repository\io\github\bonigarcia\webdrivermanager\5.6.3\webdrivermanager-5.6.3.jar;C:\Users\user\.m2\repository\org\slf4j\slf4j-api\2.0.10\slf4j-api-2.0.10.jar;C:\Users\user\.m2\repository\com\google\code\gson\gson\2.10.1\gson-2.10.1.jar;C:\Users\user\.m2\repository\com\github\docker-java\docker-java\3.3.4\docker-java-3.3.4.jar;C:\Users\user\.m2\repository\com\github\docker-java\docker-java-core\3.3.4\docker-java-core-3.3.4.jar;C:\Users\user\.m2\repository\com\github\docker-java\docker-java-api\3.3.4\docker-java-api-3.3.4.jar;C:\Users\user\.m2\repository\com\fasterxml\jackson\core\jackson-annotations\2.10.3\jackson-annotations-2.10.3.jar;C:\Users\user\.m2\repository\commons-io\commons-io\2.13.0\commons-io-2.13.0.jar;C:\Users\user\.m2\repository\com\fasterxml\jackson\core\jackson-databind\2.10.3\jackson-databind-2.10.3.jar;C:\Users\user\.m2\repository\com\fasterxml\jackson\core\jackson-core\2.10.3\jackson-core-2.10.3.jar;C:\Users\user\.m2\repository\org\bouncycastle\bcpkix-jdk18on\1.76\bcpkix-jdk18on-1.76.jar;C:\Users\user\.m2\repository\org\bouncycastle\bcprov-jdk18on\1.76\bcprov-jdk18on-1.76.jar;C:\Users\user\.m2\repository\org\bouncycastle\bcutil-jdk18on\1.76\bcutil-jdk18on-1.76.jar;C:\Users\user\.m2\repository\org\slf4j\jcl-over-slf4j\1.7.30\jcl-over-slf4j-1.7.30.jar;C:\Users\user\.m2\repository\com\github\docker-java\docker-java-transport-httpclient5\3.3.4\docker-java-transport-httpclient5-3.3.4.jar;C:\Users\user\.m2\repository\com\github\docker-java\docker-java-transport\3.3.4\docker-java-transport-3.3.4.jar;C:\Users\user\.m2\repository\net\java\dev\jna\jna\5.13.0\jna-5.13.0.jar;C:\Users\user\.m2\repository\org\brotli\dec\0.1.2\dec-0.1.2.jar;C:\Users\user\.m2\repository\org\apache\commons\commons-lang3\3.14.0\commons-lang3-3.14.0.jar;C:\Users\user\.m2\repository\org\apache\commons\commons-compress\1.25.0\commons-compress-1.25.0.jar;C:\Users\user\.m2\repository\org\apache\httpcomponents\client5\httpclient5\5.2.1\httpclient5-5.2.1.jar;C:\Users\user\.m2\repository\org\apache\httpcomponents\core5\httpcore5\5.2\httpcore5-5.2.jar;C:\Users\user\.m2\repository\org\apache\httpcomponents\core5\httpcore5-h2\5.2\httpcore5-h2-5.2.jar;C:\Users\user\.m2\repository\log4j\log4j\1.2.17\log4j-1.2.17.jar;C:\Users\user\.m2\repository\com\aventstack\extentreports\3.1.2\extentreports-3.1.2.jar;C:\Users\user\.m2\repository\org\freemarker\freemarker\2.3.23\freemarker-2.3.23.jar;C:\Users\user\.m2\repository\org\mongodb\mongodb-driver\3.3.0\mongodb-driver-3.3.0.jar;C:\Users\user\.m2\repository\org\mongodb\bson\3.3.0\bson-3.3.0.jar;C:\Users\user\.m2\repository\org\mongodb\mongodb-driver-core\3.3.0\mongodb-driver-core-3.3.0.jar;C:\Users\user\.m2\repository\org\apache\httpcomponents\httpclient\4.5.2\httpclient-4.5.2.jar;C:\Users\user\.m2\repository\org\apache\httpcomponents\httpcore\4.4.4\httpcore-4.4.4.jar;C:\Users\user\.m2\repository\commons-logging\commons-logging\1.2\commons-logging-1.2.jar;C:\Users\user\.m2\repository\org\apache\httpcomponents\httpmime\4.5.2\httpmime-4.5.2.jar;C:\Users\user\.m2\repository\org\jsoup\jsoup\1.9.2\jsoup-1.9.2.jar;C:\Users\user\.m2\repository\org\apache\poi\poi\3.17\poi-3.17.jar;C:\Users\user\.m2\repository\commons-codec\commons-codec\1.10\commons-codec-1.10.jar;C:\Users\user\.m2\repository\org\apache\commons\commons-collections4\4.1\commons-collections4-4.1.jar;C:\Users\user\.m2\repository\org\apache\poi\poi-ooxml\3.17\poi-ooxml-3.17.jar;C:\Users\user\.m2\repository\org\apache\poi\poi-ooxml-schemas\3.17\poi-ooxml-schemas-3.17.jar;C:\Users\user\.m2\repository\org\apache\xmlbeans\xmlbeans\2.6.0\xmlbeans-2.6.0.jar;C:\Users\user\.m2\repository\stax\stax-api\1.0.1\stax-api-1.0.1.jar;C:\Users\user\.m2\repository\com\github\virtuald\curvesapi\1.04\curvesapi-1.04.jar;"/>
    <property name="java.vm.vendor" value="Oracle Corporation"/>
    <property name="sun.arch.data.model" value="64"/>
    <property name="user.variant" value=""/>
    <property name="java.vendor.url" value="https://openjdk.java.net/"/>
    <property name="user.timezone" value="America/New_York"/>
    <property name="java.vm.specification.version" value="11"/>
    <property name="os.name" value="Windows 10"/>
    <property name="sun.java.launcher" value="SUN_STANDARD"/>
    <property name="user.country" value="CA"/>
    <property name="sun.boot.library.path" value="C:\Program Files\Java\jdk-11.0.16\bin"/>
    <property name="sun.java.command" value="C:\Users\user\AppData\Local\Temp\surefire1935360710816583513\surefirebooter15611415988591427566.jar C:\Users\user\AppData\Local\Temp\surefire1935360710816583513 2024-03-09T11-46-19_697-jvmRun1 surefire17624871745637830563tmp surefire_08504465875143439374tmp"/>
    <property name="jdk.debug" value="release"/>
    <property name="surefire.test.class.path" value="C:\Users\user\eclipse-workspace\Interview10032024\target\test-classes;C:\Users\user\eclipse-workspace\Interview10032024\target\classes;C:\Users\user\.m2\repository\org\testng\testng\6.14.3\testng-6.14.3.jar;C:\Users\user\.m2\repository\com\beust\jcommander\1.72\jcommander-1.72.jar;C:\Users\user\.m2\repository\org\apache-extras\beanshell\bsh\2.0b6\bsh-2.0b6.jar;C:\Users\user\.m2\repository\org\seleniumhq\selenium\selenium-java\3.141.59\selenium-java-3.141.59.jar;C:\Users\user\.m2\repository\org\seleniumhq\selenium\selenium-api\3.141.59\selenium-api-3.141.59.jar;C:\Users\user\.m2\repository\org\seleniumhq\selenium\selenium-chrome-driver\3.141.59\selenium-chrome-driver-3.141.59.jar;C:\Users\user\.m2\repository\org\seleniumhq\selenium\selenium-edge-driver\3.141.59\selenium-edge-driver-3.141.59.jar;C:\Users\user\.m2\repository\org\seleniumhq\selenium\selenium-firefox-driver\3.141.59\selenium-firefox-driver-3.141.59.jar;C:\Users\user\.m2\repository\org\seleniumhq\selenium\selenium-ie-driver\3.141.59\selenium-ie-driver-3.141.59.jar;C:\Users\user\.m2\repository\org\seleniumhq\selenium\selenium-opera-driver\3.141.59\selenium-opera-driver-3.141.59.jar;C:\Users\user\.m2\repository\org\seleniumhq\selenium\selenium-remote-driver\3.141.59\selenium-remote-driver-3.141.59.jar;C:\Users\user\.m2\repository\org\seleniumhq\selenium\selenium-safari-driver\3.141.59\selenium-safari-driver-3.141.59.jar;C:\Users\user\.m2\repository\org\seleniumhq\selenium\selenium-support\3.141.59\selenium-support-3.141.59.jar;C:\Users\user\.m2\repository\net\bytebuddy\byte-buddy\1.8.15\byte-buddy-1.8.15.jar;C:\Users\user\.m2\repository\org\apache\commons\commons-exec\1.3\commons-exec-1.3.jar;C:\Users\user\.m2\repository\com\google\guava\guava\25.0-jre\guava-25.0-jre.jar;C:\Users\user\.m2\repository\com\google\code\findbugs\jsr305\1.3.9\jsr305-1.3.9.jar;C:\Users\user\.m2\repository\org\checkerframework\checker-compat-qual\2.0.0\checker-compat-qual-2.0.0.jar;C:\Users\user\.m2\repository\com\google\errorprone\error_prone_annotations\2.1.3\error_prone_annotations-2.1.3.jar;C:\Users\user\.m2\repository\com\google\j2objc\j2objc-annotations\1.1\j2objc-annotations-1.1.jar;C:\Users\user\.m2\repository\org\codehaus\mojo\animal-sniffer-annotations\1.14\animal-sniffer-annotations-1.14.jar;C:\Users\user\.m2\repository\com\squareup\okhttp3\okhttp\3.11.0\okhttp-3.11.0.jar;C:\Users\user\.m2\repository\com\squareup\okio\okio\1.14.0\okio-1.14.0.jar;C:\Users\user\.m2\repository\io\github\bonigarcia\webdrivermanager\5.6.3\webdrivermanager-5.6.3.jar;C:\Users\user\.m2\repository\org\slf4j\slf4j-api\2.0.10\slf4j-api-2.0.10.jar;C:\Users\user\.m2\repository\com\google\code\gson\gson\2.10.1\gson-2.10.1.jar;C:\Users\user\.m2\repository\com\github\docker-java\docker-java\3.3.4\docker-java-3.3.4.jar;C:\Users\user\.m2\repository\com\github\docker-java\docker-java-core\3.3.4\docker-java-core-3.3.4.jar;C:\Users\user\.m2\repository\com\github\docker-java\docker-java-api\3.3.4\docker-java-api-3.3.4.jar;C:\Users\user\.m2\repository\com\fasterxml\jackson\core\jackson-annotations\2.10.3\jackson-annotations-2.10.3.jar;C:\Users\user\.m2\repository\commons-io\commons-io\2.13.0\commons-io-2.13.0.jar;C:\Users\user\.m2\repository\com\fasterxml\jackson\core\jackson-databind\2.10.3\jackson-databind-2.10.3.jar;C:\Users\user\.m2\repository\com\fasterxml\jackson\core\jackson-core\2.10.3\jackson-core-2.10.3.jar;C:\Users\user\.m2\repository\org\bouncycastle\bcpkix-jdk18on\1.76\bcpkix-jdk18on-1.76.jar;C:\Users\user\.m2\repository\org\bouncycastle\bcprov-jdk18on\1.76\bcprov-jdk18on-1.76.jar;C:\Users\user\.m2\repository\org\bouncycastle\bcutil-jdk18on\1.76\bcutil-jdk18on-1.76.jar;C:\Users\user\.m2\repository\org\slf4j\jcl-over-slf4j\1.7.30\jcl-over-slf4j-1.7.30.jar;C:\Users\user\.m2\repository\com\github\docker-java\docker-java-transport-httpclient5\3.3.4\docker-java-transport-httpclient5-3.3.4.jar;C:\Users\user\.m2\repository\com\github\docker-java\docker-java-transport\3.3.4\docker-java-transport-3.3.4.jar;C:\Users\user\.m2\repository\net\java\dev\jna\jna\5.13.0\jna-5.13.0.jar;C:\Users\user\.m2\repository\org\brotli\dec\0.1.2\dec-0.1.2.jar;C:\Users\user\.m2\repository\org\apache\commons\commons-lang3\3.14.0\commons-lang3-3.14.0.jar;C:\Users\user\.m2\repository\org\apache\commons\commons-compress\1.25.0\commons-compress-1.25.0.jar;C:\Users\user\.m2\repository\org\apache\httpcomponents\client5\httpclient5\5.2.1\httpclient5-5.2.1.jar;C:\Users\user\.m2\repository\org\apache\httpcomponents\core5\httpcore5\5.2\httpcore5-5.2.jar;C:\Users\user\.m2\repository\org\apache\httpcomponents\core5\httpcore5-h2\5.2\httpcore5-h2-5.2.jar;C:\Users\user\.m2\repository\log4j\log4j\1.2.17\log4j-1.2.17.jar;C:\Users\user\.m2\repository\com\aventstack\extentreports\3.1.2\extentreports-3.1.2.jar;C:\Users\user\.m2\repository\org\freemarker\freemarker\2.3.23\freemarker-2.3.23.jar;C:\Users\user\.m2\repository\org\mongodb\mongodb-driver\3.3.0\mongodb-driver-3.3.0.jar;C:\Users\user\.m2\repository\org\mongodb\bson\3.3.0\bson-3.3.0.jar;C:\Users\user\.m2\repository\org\mongodb\mongodb-driver-core\3.3.0\mongodb-driver-core-3.3.0.jar;C:\Users\user\.m2\repository\org\apache\httpcomponents\httpclient\4.5.2\httpclient-4.5.2.jar;C:\Users\user\.m2\repository\org\apache\httpcomponents\httpcore\4.4.4\httpcore-4.4.4.jar;C:\Users\user\.m2\repository\commons-logging\commons-logging\1.2\commons-logging-1.2.jar;C:\Users\user\.m2\repository\org\apache\httpcomponents\httpmime\4.5.2\httpmime-4.5.2.jar;C:\Users\user\.m2\repository\org\jsoup\jsoup\1.9.2\jsoup-1.9.2.jar;C:\Users\user\.m2\repository\org\apache\poi\poi\3.17\poi-3.17.jar;C:\Users\user\.m2\repository\commons-codec\commons-codec\1.10\commons-codec-1.10.jar;C:\Users\user\.m2\repository\org\apache\commons\commons-collections4\4.1\commons-collections4-4.1.jar;C:\Users\user\.m2\repository\org\apache\poi\poi-ooxml\3.17\poi-ooxml-3.17.jar;C:\Users\user\.m2\repository\org\apache\poi\poi-ooxml-schemas\3.17\poi-ooxml-schemas-3.17.jar;C:\Users\user\.m2\repository\org\apache\xmlbeans\xmlbeans\2.6.0\xmlbeans-2.6.0.jar;C:\Users\user\.m2\repository\stax\stax-api\1.0.1\stax-api-1.0.1.jar;C:\Users\user\.m2\repository\com\github\virtuald\curvesapi\1.04\curvesapi-1.04.jar;"/>
    <property name="sun.cpu.endian" value="little"/>
    <property name="user.home" value="C:\Users\user"/>
    <property name="user.language" value="en"/>
    <property name="java.specification.vendor" value="Oracle Corporation"/>
    <property name="java.version.date" value="2022-07-19"/>
    <property name="java.home" value="C:\Program Files\Java\jdk-11.0.16"/>
    <property name="file.separator" value="\"/>
    <property name="basedir" value="C:\Users\user\eclipse-workspace\Interview10032024"/>
    <property name="java.vm.compressedOopsMode" value="32-bit"/>
    <property name="line.separator" value="&#10;"/>
    <property name="java.specification.name" value="Java Platform API Specification"/>
    <property name="java.vm.specification.vendor" value="Oracle Corporation"/>
    <property name="java.awt.graphicsenv" value="sun.awt.Win32GraphicsEnvironment"/>
    <property name="surefire.real.class.path" value="C:\Users\user\AppData\Local\Temp\surefire1935360710816583513\surefirebooter15611415988591427566.jar"/>
    <property name="user.script" value=""/>
    <property name="sun.management.compiler" value="HotSpot 64-Bit Tiered Compilers"/>
    <property name="java.runtime.version" value="11.0.16+11-LTS-199"/>
    <property name="user.name" value="user"/>
    <property name="path.separator" value=";"/>
    <property name="os.version" value="10.0"/>
    <property name="java.runtime.name" value="Java(TM) SE Runtime Environment"/>
    <property name="file.encoding" value="Cp1252"/>
    <property name="java.vm.name" value="Java HotSpot(TM) 64-Bit Server VM"/>
    <property name="java.vendor.version" value="18.9"/>
    <property name="localRepository" value="C:\Users\user\.m2\repository"/>
    <property name="java.vendor.url.bug" value="https://bugreport.java.com/bugreport/"/>
    <property name="java.io.tmpdir" value="C:\Users\user\AppData\Local\Temp\"/>
    <property name="java.version" value="11.0.16"/>
    <property name="user.dir" value="C:\Users\user\eclipse-workspace\Interview10032024"/>
    <property name="os.arch" value="amd64"/>
    <property name="java.vm.specification.name" value="Java Virtual Machine Specification"/>
    <property name="java.awt.printerjob" value="sun.awt.windows.WPrinterJob"/>
    <property name="sun.os.patch.level" value=""/>
    <property name="java.library.path" value="C:\Program Files\Java\jdk-11.0.16\bin;C:\Windows\Sun\Java\bin;C:\Windows\system32;C:\Windows;C:\Users\user\.jenkins\tools\hudson.tasks.Maven_MavenInstallation\TestMaven/bin;C:\Program Files\Common Files\Oracle\Java\javapath;C:\Windows\system32;C:\Windows;C:\Windows\System32\Wbem;C:\Windows\System32\WindowsPowerShell\v1.0\;C:\Windows\System32\OpenSSH\;C:\Program Files\Java\jdk-11.0.16\bin;C:\Program Files\Git\cmd;C:\Maven\apache-maven-3.9.6\bin;C:\Users\user\AppData\Local\Microsoft\WindowsApps;;."/>
    <property name="java.vendor" value="Oracle Corporation"/>
    <property name="java.vm.info" value="mixed mode"/>
    <property name="java.vm.version" value="11.0.16+11-LTS-199"/>
    <property name="sun.io.unicode.encoding" value="UnicodeLittle"/>
    <property name="java.class.version" value="55.0"/>
  </properties>
  <testcase name="validateAboutUsPageNavigation" classname="naveenautomation.tests.AboutUsPageTest" time="1.132"/>
  <testcase name="validateAccountLogout" classname="naveenautomation.tests.AccountLogoutPageTest" time="2.427">
    <failure message="Right side bar Item not found: Logout" type="java.lang.RuntimeException">java.lang.RuntimeException: Right side bar Item not found: Logout
	at naveenautomation.tests.AccountLogoutPageTest.validateAccountLogout(AccountLogoutPageTest.java:30)
</failure>
    <system-out><![CDATA[2024-03-09 11:46:40 INFO  TestBase:63 - Launching Edge Browser
12815 [main] INFO com.naveenautomation.TestBases.TestBase  - Launching Edge Browser
2024-03-09 11:46:44 INFO  TestBase:40 - Loading Page in Browser
16412 [main] INFO com.naveenautomation.TestBases.TestBase  - Loading Page in Browser
2024-03-09 11:46:44 INFO  TestBase:35 - Navigating to URL : https://naveenautomationlabs.com/opencart/index.php?route=account/login
16413 [main] INFO com.naveenautomation.TestBases.TestBase  - Navigating to URL : https://naveenautomationlabs.com/opencart/index.php?route=account/login
2024-03-09 11:46:46 INFO  TestBase:41 - Navigated to URL : https://naveenautomationlabs.com/opencart/index.php?route=account/login
19302 [main] INFO com.naveenautomation.TestBases.TestBase  - Navigated to URL : https://naveenautomationlabs.com/opencart/index.php?route=account/login
2024-03-09 11:46:46 INFO  TestBase:42 - Entering Emaillijosh2@gmail.com
19314 [main] INFO com.naveenautomation.TestBases.TestBase  - Entering Emaillijosh2@gmail.com
2024-03-09 11:46:46 INFO  TestBase:77 - Finding element by : By.id: input-email
19315 [main] INFO com.naveenautomation.TestBases.TestBase  - Finding element by : By.id: input-email
2024-03-09 11:46:46 INFO  TestBase:83 - Found element by : By.id: input-email
19341 [main] INFO com.naveenautomation.TestBases.TestBase  - Found element by : By.id: input-email
2024-03-09 11:46:47 INFO  TestBase:47 - Entering Passwordpassword1
19866 [main] INFO com.naveenautomation.TestBases.TestBase  - Entering Passwordpassword1
2024-03-09 11:46:47 INFO  TestBase:77 - Finding element by : By.id: input-password
19866 [main] INFO com.naveenautomation.TestBases.TestBase  - Finding element by : By.id: input-password
2024-03-09 11:46:47 INFO  TestBase:83 - Found element by : By.id: input-password
19898 [main] INFO com.naveenautomation.TestBases.TestBase  - Found element by : By.id: input-password
2024-03-09 11:46:47 INFO  TestBase:52 - Clicking login button
20041 [main] INFO com.naveenautomation.TestBases.TestBase  - Clicking login button
2024-03-09 11:46:47 INFO  TestBase:77 - Finding element by : By.cssSelector: #content div>div form>input
20044 [main] INFO com.naveenautomation.TestBases.TestBase  - Finding element by : By.cssSelector: #content div>div form>input
2024-03-09 11:46:47 INFO  TestBase:83 - Found element by : By.cssSelector: #content div>div form>input
20088 [main] INFO com.naveenautomation.TestBases.TestBase  - Found element by : By.cssSelector: #content div>div form>input
2024-03-09 11:46:47 INFO  TestBase:89 - Clicking on element by : [[EdgeDriver: MicrosoftEdge on WINDOWS (6ba295c0fc614be6e3d2e14f49c69d77)] -> css selector: #content div>div form>input]
20089 [main] INFO com.naveenautomation.TestBases.TestBase  - Clicking on element by : [[EdgeDriver: MicrosoftEdge on WINDOWS (6ba295c0fc614be6e3d2e14f49c69d77)] -> css selector: #content div>div form>input]
2024-03-09 11:46:48 INFO  TestBase:77 - Finding element by : By.cssSelector: #column-right a
20910 [main] INFO com.naveenautomation.TestBases.TestBase  - Finding element by : By.cssSelector: #column-right a
2024-03-09 11:46:48 INFO  TestBase:83 - Found element by : By.cssSelector: #column-right a
20997 [main] INFO com.naveenautomation.TestBases.TestBase  - Found element by : By.cssSelector: #column-right a
2024-03-09 11:46:48 INFO  TestBase:148 - Getting text from element  : Login
21056 [main] INFO com.naveenautomation.TestBases.TestBase  - Getting text from element  : Login
2024-03-09 11:46:48 INFO  TestBase:154 - Geot text from element  : Login
21203 [main] INFO com.naveenautomation.TestBases.TestBase  - Geot text from element  : Login
2024-03-09 11:46:48 INFO  TestBase:148 - Getting text from element  : Register
21223 [main] INFO com.naveenautomation.TestBases.TestBase  - Getting text from element  : Register
2024-03-09 11:46:48 INFO  TestBase:154 - Geot text from element  : Register
21257 [main] INFO com.naveenautomation.TestBases.TestBase  - Geot text from element  : Register
2024-03-09 11:46:48 INFO  TestBase:148 - Getting text from element  : Forgotten Password
21277 [main] INFO com.naveenautomation.TestBases.TestBase  - Getting text from element  : Forgotten Password
2024-03-09 11:46:48 INFO  TestBase:154 - Geot text from element  : Forgotten Password
21320 [main] INFO com.naveenautomation.TestBases.TestBase  - Geot text from element  : Forgotten Password
2024-03-09 11:46:48 INFO  TestBase:148 - Getting text from element  : My Account
21338 [main] INFO com.naveenautomation.TestBases.TestBase  - Getting text from element  : My Account
2024-03-09 11:46:48 INFO  TestBase:154 - Geot text from element  : My Account
21380 [main] INFO com.naveenautomation.TestBases.TestBase  - Geot text from element  : My Account
2024-03-09 11:46:49 INFO  TestBase:148 - Getting text from element  : Address Book
21397 [main] INFO com.naveenautomation.TestBases.TestBase  - Getting text from element  : Address Book
2024-03-09 11:46:49 INFO  TestBase:154 - Geot text from element  : Address Book
21423 [main] INFO com.naveenautomation.TestBases.TestBase  - Geot text from element  : Address Book
2024-03-09 11:46:49 INFO  TestBase:148 - Getting text from element  : Wish List
21436 [main] INFO com.naveenautomation.TestBases.TestBase  - Getting text from element  : Wish List
2024-03-09 11:46:49 INFO  TestBase:154 - Geot text from element  : Wish List
21463 [main] INFO com.naveenautomation.TestBases.TestBase  - Geot text from element  : Wish List
2024-03-09 11:46:49 INFO  TestBase:148 - Getting text from element  : Order History
21477 [main] INFO com.naveenautomation.TestBases.TestBase  - Getting text from element  : Order History
2024-03-09 11:46:49 INFO  TestBase:154 - Geot text from element  : Order History
21502 [main] INFO com.naveenautomation.TestBases.TestBase  - Geot text from element  : Order History
2024-03-09 11:46:49 INFO  TestBase:148 - Getting text from element  : Downloads
21515 [main] INFO com.naveenautomation.TestBases.TestBase  - Getting text from element  : Downloads
2024-03-09 11:46:49 INFO  TestBase:154 - Geot text from element  : Downloads
21538 [main] INFO com.naveenautomation.TestBases.TestBase  - Geot text from element  : Downloads
2024-03-09 11:46:49 INFO  TestBase:148 - Getting text from element  : Recurring payments
21550 [main] INFO com.naveenautomation.TestBases.TestBase  - Getting text from element  : Recurring payments
2024-03-09 11:46:49 INFO  TestBase:154 - Geot text from element  : Recurring payments
21574 [main] INFO com.naveenautomation.TestBases.TestBase  - Geot text from element  : Recurring payments
2024-03-09 11:46:49 INFO  TestBase:148 - Getting text from element  : Reward Points
21588 [main] INFO com.naveenautomation.TestBases.TestBase  - Getting text from element  : Reward Points
2024-03-09 11:46:49 INFO  TestBase:154 - Geot text from element  : Reward Points
21616 [main] INFO com.naveenautomation.TestBases.TestBase  - Geot text from element  : Reward Points
2024-03-09 11:46:49 INFO  TestBase:148 - Getting text from element  : Returns
21630 [main] INFO com.naveenautomation.TestBases.TestBase  - Getting text from element  : Returns
2024-03-09 11:46:49 INFO  TestBase:154 - Geot text from element  : Returns
21653 [main] INFO com.naveenautomation.TestBases.TestBase  - Geot text from element  : Returns
2024-03-09 11:46:49 INFO  TestBase:148 - Getting text from element  : Transactions
21666 [main] INFO com.naveenautomation.TestBases.TestBase  - Getting text from element  : Transactions
2024-03-09 11:46:49 INFO  TestBase:154 - Geot text from element  : Transactions
21691 [main] INFO com.naveenautomation.TestBases.TestBase  - Geot text from element  : Transactions
2024-03-09 11:46:49 INFO  TestBase:148 - Getting text from element  : Newsletter
21704 [main] INFO com.naveenautomation.TestBases.TestBase  - Getting text from element  : Newsletter
2024-03-09 11:46:49 INFO  TestBase:154 - Geot text from element  : Newsletter
21732 [main] INFO com.naveenautomation.TestBases.TestBase  - Geot text from element  : Newsletter
]]></system-out>
    <system-err><![CDATA[Starting Microsoft Edge WebDriver 122.0.2365.80 (bfff41c27eb2a14d912253b34105302b913913cf) on port 34381
To submit feedback, report a bug, or suggest new features, please visit https://github.com/MicrosoftEdge/EdgeWebDriver

Only local connections are allowed.
Please see https://aka.ms/WebDriverSecurity for suggestions on keeping Microsoft Edge WebDriver safe.

Microsoft Edge WebDriver was started successfully.
Mar. 09, 2024 11:46:43 A.M. org.openqa.selenium.remote.ProtocolHandshake createSession
INFO: Detected dialect: W3C
]]></system-err>
  </testcase>
  <testcase name="validateAccountRegister" classname="naveenautomation.tests.AccountSuccessPageTest" time="3.644"/>
  <testcase name="validateRecurringPaymentsPageNavigation" classname="naveenautomation.tests.RecurringPaymentsPageTest" time="2.994">
    <failure message="no such element: Unable to locate element: {&quot;method&quot;:&quot;css selector&quot;,&quot;selector&quot;:&quot;#content h1&quot;}&#10;  (Session info: MicrosoftEdge=122.0.2365.80)&#10;For documentation on this error, please visit: https://www.seleniumhq.org/exceptions/no_such_element.html&#10;Build info: version: &apos;3.141.59&apos;, revision: &apos;e82be7d358&apos;, time: &apos;2018-11-14T08:17:03&apos;&#10;System info: host: &apos;DESKTOP-EFV0BSI&apos;, ip: &apos;192.168.2.29&apos;, os.name: &apos;Windows 10&apos;, os.arch: &apos;amd64&apos;, os.version: &apos;10.0&apos;, java.version: &apos;11.0.16&apos;&#10;Driver info: org.openqa.selenium.edge.EdgeDriver&#10;Capabilities {acceptInsecureCerts: false, browserName: MicrosoftEdge, browserVersion: 122.0.2365.80, fedcm:accounts: true, javascriptEnabled: true, ms:edgeOptions: {debuggerAddress: localhost:61339}, msedge: {msedgedriverVersion: 122.0.2365.80 (bfff41c27eb2..., userDataDir: C:\Users\user\AppData\Local...}, networkConnectionEnabled: false, pageLoadStrategy: normal, platform: WINDOWS, platformName: WINDOWS, proxy: Proxy(), setWindowRect: true, strictFileInteractability: false, timeouts: {implicit: 0, pageLoad: 300000, script: 30000}, unhandledPromptBehavior: dismiss and notify, webauthn:extension:credBlob: true, webauthn:extension:largeBlob: true, webauthn:extension:minPinLength: true, webauthn:extension:prf: true, webauthn:virtualAuthenticators: true}&#10;Session ID: 6c2d30ee63160cfe0d914c62c3cef70e&#10;*** Element info: {Using=css selector, value=#content h1}" type="org.openqa.selenium.NoSuchElementException">org.openqa.selenium.NoSuchElementException: 
no such element: Unable to locate element: {"method":"css selector","selector":"#content h1"}
  (Session info: MicrosoftEdge=122.0.2365.80)
For documentation on this error, please visit: https://www.seleniumhq.org/exceptions/no_such_element.html
Build info: version: '3.141.59', revision: 'e82be7d358', time: '2018-11-14T08:17:03'
System info: host: 'DESKTOP-EFV0BSI', ip: '192.168.2.29', os.name: 'Windows 10', os.arch: 'amd64', os.version: '10.0', java.version: '11.0.16'
Driver info: org.openqa.selenium.edge.EdgeDriver
Capabilities {acceptInsecureCerts: false, browserName: MicrosoftEdge, browserVersion: 122.0.2365.80, fedcm:accounts: true, javascriptEnabled: true, ms:edgeOptions: {debuggerAddress: localhost:61339}, msedge: {msedgedriverVersion: 122.0.2365.80 (bfff41c27eb2..., userDataDir: C:\Users\user\AppData\Local...}, networkConnectionEnabled: false, pageLoadStrategy: normal, platform: WINDOWS, platformName: WINDOWS, proxy: Proxy(), setWindowRect: true, strictFileInteractability: false, timeouts: {implicit: 0, pageLoad: 300000, script: 30000}, unhandledPromptBehavior: dismiss and notify, webauthn:extension:credBlob: true, webauthn:extension:largeBlob: true, webauthn:extension:minPinLength: true, webauthn:extension:prf: true, webauthn:virtualAuthenticators: true}
Session ID: 6c2d30ee63160cfe0d914c62c3cef70e
*** Element info: {Using=css selector, value=#content h1}
	at naveenautomation.tests.RecurringPaymentsPageTest.validateRecurringPaymentsPageNavigation(RecurringPaymentsPageTest.java:32)
</failure>
    <system-out><![CDATA[2024-03-09 11:47:00 INFO  TestBase:63 - Launching Edge Browser
33229 [main] INFO com.naveenautomation.TestBases.TestBase  - Launching Edge Browser
2024-03-09 11:47:04 INFO  TestBase:40 - Loading Page in Browser
37032 [main] INFO com.naveenautomation.TestBases.TestBase  - Loading Page in Browser
2024-03-09 11:47:04 INFO  TestBase:35 - Navigating to URL : https://naveenautomationlabs.com/opencart/index.php?route=account/login
37032 [main] INFO com.naveenautomation.TestBases.TestBase  - Navigating to URL : https://naveenautomationlabs.com/opencart/index.php?route=account/login
2024-03-09 11:47:07 INFO  TestBase:41 - Navigated to URL : https://naveenautomationlabs.com/opencart/index.php?route=account/login
39651 [main] INFO com.naveenautomation.TestBases.TestBase  - Navigated to URL : https://naveenautomationlabs.com/opencart/index.php?route=account/login
2024-03-09 11:47:07 INFO  TestBase:42 - Entering Emaillijosh2@gmail.com
39652 [main] INFO com.naveenautomation.TestBases.TestBase  - Entering Emaillijosh2@gmail.com
2024-03-09 11:47:07 INFO  TestBase:77 - Finding element by : By.id: input-email
39652 [main] INFO com.naveenautomation.TestBases.TestBase  - Finding element by : By.id: input-email
2024-03-09 11:47:07 INFO  TestBase:83 - Found element by : By.id: input-email
39686 [main] INFO com.naveenautomation.TestBases.TestBase  - Found element by : By.id: input-email
2024-03-09 11:47:07 INFO  TestBase:47 - Entering Passwordpassword1
39964 [main] INFO com.naveenautomation.TestBases.TestBase  - Entering Passwordpassword1
2024-03-09 11:47:07 INFO  TestBase:77 - Finding element by : By.id: input-password
39965 [main] INFO com.naveenautomation.TestBases.TestBase  - Finding element by : By.id: input-password
2024-03-09 11:47:07 INFO  TestBase:83 - Found element by : By.id: input-password
40018 [main] INFO com.naveenautomation.TestBases.TestBase  - Found element by : By.id: input-password
2024-03-09 11:47:07 INFO  TestBase:52 - Clicking login button
40153 [main] INFO com.naveenautomation.TestBases.TestBase  - Clicking login button
2024-03-09 11:47:07 INFO  TestBase:77 - Finding element by : By.cssSelector: #content div>div form>input
40153 [main] INFO com.naveenautomation.TestBases.TestBase  - Finding element by : By.cssSelector: #content div>div form>input
2024-03-09 11:47:07 INFO  TestBase:83 - Found element by : By.cssSelector: #content div>div form>input
40188 [main] INFO com.naveenautomation.TestBases.TestBase  - Found element by : By.cssSelector: #content div>div form>input
2024-03-09 11:47:07 INFO  TestBase:89 - Clicking on element by : [[EdgeDriver: MicrosoftEdge on WINDOWS (6c2d30ee63160cfe0d914c62c3cef70e)] -> css selector: #content div>div form>input]
40189 [main] INFO com.naveenautomation.TestBases.TestBase  - Clicking on element by : [[EdgeDriver: MicrosoftEdge on WINDOWS (6c2d30ee63160cfe0d914c62c3cef70e)] -> css selector: #content div>div form>input]
2024-03-09 11:47:08 INFO  TestBase:77 - Finding element by : By.cssSelector: #column-right a
40853 [main] INFO com.naveenautomation.TestBases.TestBase  - Finding element by : By.cssSelector: #column-right a
2024-03-09 11:47:08 INFO  TestBase:83 - Found element by : By.cssSelector: #column-right a
40896 [main] INFO com.naveenautomation.TestBases.TestBase  - Found element by : By.cssSelector: #column-right a
2024-03-09 11:47:08 INFO  TestBase:148 - Getting text from element  : Login
40923 [main] INFO com.naveenautomation.TestBases.TestBase  - Getting text from element  : Login
2024-03-09 11:47:08 INFO  TestBase:154 - Geot text from element  : Login
40957 [main] INFO com.naveenautomation.TestBases.TestBase  - Geot text from element  : Login
2024-03-09 11:47:08 INFO  TestBase:148 - Getting text from element  : Register
40973 [main] INFO com.naveenautomation.TestBases.TestBase  - Getting text from element  : Register
2024-03-09 11:47:08 INFO  TestBase:154 - Geot text from element  : Register
41031 [main] INFO com.naveenautomation.TestBases.TestBase  - Geot text from element  : Register
2024-03-09 11:47:08 INFO  TestBase:148 - Getting text from element  : Forgotten Password
41047 [main] INFO com.naveenautomation.TestBases.TestBase  - Getting text from element  : Forgotten Password
2024-03-09 11:47:08 INFO  TestBase:154 - Geot text from element  : Forgotten Password
41081 [main] INFO com.naveenautomation.TestBases.TestBase  - Geot text from element  : Forgotten Password
2024-03-09 11:47:08 INFO  TestBase:148 - Getting text from element  : My Account
41099 [main] INFO com.naveenautomation.TestBases.TestBase  - Getting text from element  : My Account
2024-03-09 11:47:08 INFO  TestBase:154 - Geot text from element  : My Account
41131 [main] INFO com.naveenautomation.TestBases.TestBase  - Geot text from element  : My Account
2024-03-09 11:47:08 INFO  TestBase:148 - Getting text from element  : Address Book
41147 [main] INFO com.naveenautomation.TestBases.TestBase  - Getting text from element  : Address Book
2024-03-09 11:47:08 INFO  TestBase:154 - Geot text from element  : Address Book
41179 [main] INFO com.naveenautomation.TestBases.TestBase  - Geot text from element  : Address Book
2024-03-09 11:47:08 INFO  TestBase:148 - Getting text from element  : Wish List
41195 [main] INFO com.naveenautomation.TestBases.TestBase  - Getting text from element  : Wish List
2024-03-09 11:47:08 INFO  TestBase:154 - Geot text from element  : Wish List
41227 [main] INFO com.naveenautomation.TestBases.TestBase  - Geot text from element  : Wish List
2024-03-09 11:47:08 INFO  TestBase:148 - Getting text from element  : Order History
41245 [main] INFO com.naveenautomation.TestBases.TestBase  - Getting text from element  : Order History
2024-03-09 11:47:08 INFO  TestBase:154 - Geot text from element  : Order History
41279 [main] INFO com.naveenautomation.TestBases.TestBase  - Geot text from element  : Order History
2024-03-09 11:47:08 INFO  TestBase:148 - Getting text from element  : Downloads
41296 [main] INFO com.naveenautomation.TestBases.TestBase  - Getting text from element  : Downloads
2024-03-09 11:47:08 INFO  TestBase:154 - Geot text from element  : Downloads
41329 [main] INFO com.naveenautomation.TestBases.TestBase  - Geot text from element  : Downloads
2024-03-09 11:47:08 INFO  TestBase:148 - Getting text from element  : Recurring payments
41345 [main] INFO com.naveenautomation.TestBases.TestBase  - Getting text from element  : Recurring payments
2024-03-09 11:47:08 INFO  TestBase:154 - Geot text from element  : Recurring payments
41376 [main] INFO com.naveenautomation.TestBases.TestBase  - Geot text from element  : Recurring payments
2024-03-09 11:47:08 INFO  TestBase:89 - Clicking on element by : [[EdgeDriver: MicrosoftEdge on WINDOWS (6c2d30ee63160cfe0d914c62c3cef70e)] -> css selector: #column-right a]
41376 [main] INFO com.naveenautomation.TestBases.TestBase  - Clicking on element by : [[EdgeDriver: MicrosoftEdge on WINDOWS (6c2d30ee63160cfe0d914c62c3cef70e)] -> css selector: #column-right a]
2024-03-09 11:47:10 INFO  TestBase:77 - Finding element by : By.cssSelector: #content h1
42578 [main] INFO com.naveenautomation.TestBases.TestBase  - Finding element by : By.cssSelector: #content h1
]]></system-out>
    <system-err><![CDATA[Starting Microsoft Edge WebDriver 122.0.2365.80 (bfff41c27eb2a14d912253b34105302b913913cf) on port 48813
To submit feedback, report a bug, or suggest new features, please visit https://github.com/MicrosoftEdge/EdgeWebDriver

Only local connections are allowed.
Please see https://aka.ms/WebDriverSecurity for suggestions on keeping Microsoft Edge WebDriver safe.

Microsoft Edge WebDriver was started successfully.
Mar. 09, 2024 11:47:04 A.M. org.openqa.selenium.remote.ProtocolHandshake createSession
INFO: Detected dialect: W3C
]]></system-err>
  </testcase>
  <testcase name="validateUserCanAddNewAddress" classname="naveenautomation.tests.AddressBookPageTest" time="2.15">
    <failure message="no such element: Unable to locate element: {&quot;method&quot;:&quot;css selector&quot;,&quot;selector&quot;:&quot;div.buttons.clearfix div:last-of-type a&quot;}&#10;  (Session info: MicrosoftEdge=122.0.2365.80)&#10;For documentation on this error, please visit: https://www.seleniumhq.org/exceptions/no_such_element.html&#10;Build info: version: &apos;3.141.59&apos;, revision: &apos;e82be7d358&apos;, time: &apos;2018-11-14T08:17:03&apos;&#10;System info: host: &apos;DESKTOP-EFV0BSI&apos;, ip: &apos;192.168.2.29&apos;, os.name: &apos;Windows 10&apos;, os.arch: &apos;amd64&apos;, os.version: &apos;10.0&apos;, java.version: &apos;11.0.16&apos;&#10;Driver info: org.openqa.selenium.edge.EdgeDriver&#10;Capabilities {acceptInsecureCerts: false, browserName: MicrosoftEdge, browserVersion: 122.0.2365.80, fedcm:accounts: true, javascriptEnabled: true, ms:edgeOptions: {debuggerAddress: localhost:61383}, msedge: {msedgedriverVersion: 122.0.2365.80 (bfff41c27eb2..., userDataDir: C:\Users\user\AppData\Local...}, networkConnectionEnabled: false, pageLoadStrategy: normal, platform: WINDOWS, platformName: WINDOWS, proxy: Proxy(), setWindowRect: true, strictFileInteractability: false, timeouts: {implicit: 0, pageLoad: 300000, script: 30000}, unhandledPromptBehavior: dismiss and notify, webauthn:extension:credBlob: true, webauthn:extension:largeBlob: true, webauthn:extension:minPinLength: true, webauthn:extension:prf: true, webauthn:virtualAuthenticators: true}&#10;Session ID: 7e2e2b4407c8170287feacfa27a4cf8c&#10;*** Element info: {Using=css selector, value=div.buttons.clearfix div:last-of-type a}" type="org.openqa.selenium.NoSuchElementException">org.openqa.selenium.NoSuchElementException: 
no such element: Unable to locate element: {"method":"css selector","selector":"div.buttons.clearfix div:last-of-type a"}
  (Session info: MicrosoftEdge=122.0.2365.80)
For documentation on this error, please visit: https://www.seleniumhq.org/exceptions/no_such_element.html
Build info: version: '3.141.59', revision: 'e82be7d358', time: '2018-11-14T08:17:03'
System info: host: 'DESKTOP-EFV0BSI', ip: '192.168.2.29', os.name: 'Windows 10', os.arch: 'amd64', os.version: '10.0', java.version: '11.0.16'
Driver info: org.openqa.selenium.edge.EdgeDriver
Capabilities {acceptInsecureCerts: false, browserName: MicrosoftEdge, browserVersion: 122.0.2365.80, fedcm:accounts: true, javascriptEnabled: true, ms:edgeOptions: {debuggerAddress: localhost:61383}, msedge: {msedgedriverVersion: 122.0.2365.80 (bfff41c27eb2..., userDataDir: C:\Users\user\AppData\Local...}, networkConnectionEnabled: false, pageLoadStrategy: normal, platform: WINDOWS, platformName: WINDOWS, proxy: Proxy(), setWindowRect: true, strictFileInteractability: false, timeouts: {implicit: 0, pageLoad: 300000, script: 30000}, unhandledPromptBehavior: dismiss and notify, webauthn:extension:credBlob: true, webauthn:extension:largeBlob: true, webauthn:extension:minPinLength: true, webauthn:extension:prf: true, webauthn:virtualAuthenticators: true}
Session ID: 7e2e2b4407c8170287feacfa27a4cf8c
*** Element info: {Using=css selector, value=div.buttons.clearfix div:last-of-type a}
	at naveenautomation.tests.AddressBookPageTest.validateUserCanAddNewAddress(AddressBookPageTest.java:33)
</failure>
    <system-out><![CDATA[2024-03-09 11:47:10 INFO  TestBase:63 - Launching Edge Browser
42924 [main] INFO com.naveenautomation.TestBases.TestBase  - Launching Edge Browser
2024-03-09 11:47:13 INFO  TestBase:40 - Loading Page in Browser
46373 [main] INFO com.naveenautomation.TestBases.TestBase  - Loading Page in Browser
2024-03-09 11:47:13 INFO  TestBase:35 - Navigating to URL : https://naveenautomationlabs.com/opencart/index.php?route=account/login
46373 [main] INFO com.naveenautomation.TestBases.TestBase  - Navigating to URL : https://naveenautomationlabs.com/opencart/index.php?route=account/login
2024-03-09 11:47:17 INFO  TestBase:41 - Navigated to URL : https://naveenautomationlabs.com/opencart/index.php?route=account/login
50333 [main] INFO com.naveenautomation.TestBases.TestBase  - Navigated to URL : https://naveenautomationlabs.com/opencart/index.php?route=account/login
2024-03-09 11:47:17 INFO  TestBase:42 - Entering Emaillijosh2@gmail.com
50334 [main] INFO com.naveenautomation.TestBases.TestBase  - Entering Emaillijosh2@gmail.com
2024-03-09 11:47:17 INFO  TestBase:77 - Finding element by : By.id: input-email
50334 [main] INFO com.naveenautomation.TestBases.TestBase  - Finding element by : By.id: input-email
2024-03-09 11:47:17 INFO  TestBase:83 - Found element by : By.id: input-email
50381 [main] INFO com.naveenautomation.TestBases.TestBase  - Found element by : By.id: input-email
2024-03-09 11:47:18 INFO  TestBase:47 - Entering Passwordpassword1
50649 [main] INFO com.naveenautomation.TestBases.TestBase  - Entering Passwordpassword1
2024-03-09 11:47:18 INFO  TestBase:77 - Finding element by : By.id: input-password
50650 [main] INFO com.naveenautomation.TestBases.TestBase  - Finding element by : By.id: input-password
2024-03-09 11:47:18 INFO  TestBase:83 - Found element by : By.id: input-password
50697 [main] INFO com.naveenautomation.TestBases.TestBase  - Found element by : By.id: input-password
2024-03-09 11:47:18 INFO  TestBase:52 - Clicking login button
50856 [main] INFO com.naveenautomation.TestBases.TestBase  - Clicking login button
2024-03-09 11:47:18 INFO  TestBase:77 - Finding element by : By.cssSelector: #content div>div form>input
50856 [main] INFO com.naveenautomation.TestBases.TestBase  - Finding element by : By.cssSelector: #content div>div form>input
2024-03-09 11:47:18 INFO  TestBase:83 - Found element by : By.cssSelector: #content div>div form>input
50885 [main] INFO com.naveenautomation.TestBases.TestBase  - Found element by : By.cssSelector: #content div>div form>input
2024-03-09 11:47:18 INFO  TestBase:89 - Clicking on element by : [[EdgeDriver: MicrosoftEdge on WINDOWS (7e2e2b4407c8170287feacfa27a4cf8c)] -> css selector: #content div>div form>input]
50886 [main] INFO com.naveenautomation.TestBases.TestBase  - Clicking on element by : [[EdgeDriver: MicrosoftEdge on WINDOWS (7e2e2b4407c8170287feacfa27a4cf8c)] -> css selector: #content div>div form>input]
2024-03-09 11:47:19 INFO  TestBase:77 - Finding element by : By.cssSelector: #column-right a
51423 [main] INFO com.naveenautomation.TestBases.TestBase  - Finding element by : By.cssSelector: #column-right a
2024-03-09 11:47:19 INFO  TestBase:83 - Found element by : By.cssSelector: #column-right a
51452 [main] INFO com.naveenautomation.TestBases.TestBase  - Found element by : By.cssSelector: #column-right a
2024-03-09 11:47:19 INFO  TestBase:148 - Getting text from element  : Login
51471 [main] INFO com.naveenautomation.TestBases.TestBase  - Getting text from element  : Login
2024-03-09 11:47:19 INFO  TestBase:154 - Geot text from element  : Login
51496 [main] INFO com.naveenautomation.TestBases.TestBase  - Geot text from element  : Login
2024-03-09 11:47:19 INFO  TestBase:148 - Getting text from element  : Register
51506 [main] INFO com.naveenautomation.TestBases.TestBase  - Getting text from element  : Register
2024-03-09 11:47:19 INFO  TestBase:154 - Geot text from element  : Register
51531 [main] INFO com.naveenautomation.TestBases.TestBase  - Geot text from element  : Register
2024-03-09 11:47:19 INFO  TestBase:148 - Getting text from element  : Forgotten Password
51546 [main] INFO com.naveenautomation.TestBases.TestBase  - Getting text from element  : Forgotten Password
2024-03-09 11:47:19 INFO  TestBase:154 - Geot text from element  : Forgotten Password
51581 [main] INFO com.naveenautomation.TestBases.TestBase  - Geot text from element  : Forgotten Password
2024-03-09 11:47:19 INFO  TestBase:148 - Getting text from element  : My Account
51596 [main] INFO com.naveenautomation.TestBases.TestBase  - Getting text from element  : My Account
2024-03-09 11:47:19 INFO  TestBase:154 - Geot text from element  : My Account
51623 [main] INFO com.naveenautomation.TestBases.TestBase  - Geot text from element  : My Account
2024-03-09 11:47:19 INFO  TestBase:148 - Getting text from element  : Address Book
51637 [main] INFO com.naveenautomation.TestBases.TestBase  - Getting text from element  : Address Book
2024-03-09 11:47:19 INFO  TestBase:154 - Geot text from element  : Address Book
51666 [main] INFO com.naveenautomation.TestBases.TestBase  - Geot text from element  : Address Book
2024-03-09 11:47:19 INFO  TestBase:89 - Clicking on element by : [[EdgeDriver: MicrosoftEdge on WINDOWS (7e2e2b4407c8170287feacfa27a4cf8c)] -> css selector: #column-right a]
51667 [main] INFO com.naveenautomation.TestBases.TestBase  - Clicking on element by : [[EdgeDriver: MicrosoftEdge on WINDOWS (7e2e2b4407c8170287feacfa27a4cf8c)] -> css selector: #column-right a]
2024-03-09 11:47:20 INFO  TestBase:77 - Finding element by : By.cssSelector: div.buttons.clearfix div:last-of-type a
52449 [main] INFO com.naveenautomation.TestBases.TestBase  - Finding element by : By.cssSelector: div.buttons.clearfix div:last-of-type a
]]></system-out>
    <system-err><![CDATA[Starting Microsoft Edge WebDriver 122.0.2365.80 (bfff41c27eb2a14d912253b34105302b913913cf) on port 42931
To submit feedback, report a bug, or suggest new features, please visit https://github.com/MicrosoftEdge/EdgeWebDriver

Only local connections are allowed.
Please see https://aka.ms/WebDriverSecurity for suggestions on keeping Microsoft Edge WebDriver safe.

Microsoft Edge WebDriver was started successfully.
Mar. 09, 2024 11:47:13 A.M. org.openqa.selenium.remote.ProtocolHandshake createSession
INFO: Detected dialect: W3C
]]></system-err>
  </testcase>
  <testcase name="validatereturnPageNavigation" classname="naveenautomation.tests.ReturnPageTest" time="2.455">
    <failure message="no such element: Unable to locate element: {&quot;method&quot;:&quot;css selector&quot;,&quot;selector&quot;:&quot;#content h1&quot;}&#10;  (Session info: MicrosoftEdge=122.0.2365.80)&#10;For documentation on this error, please visit: https://www.seleniumhq.org/exceptions/no_such_element.html&#10;Build info: version: &apos;3.141.59&apos;, revision: &apos;e82be7d358&apos;, time: &apos;2018-11-14T08:17:03&apos;&#10;System info: host: &apos;DESKTOP-EFV0BSI&apos;, ip: &apos;192.168.2.29&apos;, os.name: &apos;Windows 10&apos;, os.arch: &apos;amd64&apos;, os.version: &apos;10.0&apos;, java.version: &apos;11.0.16&apos;&#10;Driver info: org.openqa.selenium.edge.EdgeDriver&#10;Capabilities {acceptInsecureCerts: false, browserName: MicrosoftEdge, browserVersion: 122.0.2365.80, fedcm:accounts: true, javascriptEnabled: true, ms:edgeOptions: {debuggerAddress: localhost:61423}, msedge: {msedgedriverVersion: 122.0.2365.80 (bfff41c27eb2..., userDataDir: C:\Users\user\AppData\Local...}, networkConnectionEnabled: false, pageLoadStrategy: normal, platform: WINDOWS, platformName: WINDOWS, proxy: Proxy(), setWindowRect: true, strictFileInteractability: false, timeouts: {implicit: 0, pageLoad: 300000, script: 30000}, unhandledPromptBehavior: dismiss and notify, webauthn:extension:credBlob: true, webauthn:extension:largeBlob: true, webauthn:extension:minPinLength: true, webauthn:extension:prf: true, webauthn:virtualAuthenticators: true}&#10;Session ID: 1a20fdb5abc005ac42163462a27f3be7&#10;*** Element info: {Using=css selector, value=#content h1}" type="org.openqa.selenium.NoSuchElementException">org.openqa.selenium.NoSuchElementException: 
no such element: Unable to locate element: {"method":"css selector","selector":"#content h1"}
  (Session info: MicrosoftEdge=122.0.2365.80)
For documentation on this error, please visit: https://www.seleniumhq.org/exceptions/no_such_element.html
Build info: version: '3.141.59', revision: 'e82be7d358', time: '2018-11-14T08:17:03'
System info: host: 'DESKTOP-EFV0BSI', ip: '192.168.2.29', os.name: 'Windows 10', os.arch: 'amd64', os.version: '10.0', java.version: '11.0.16'
Driver info: org.openqa.selenium.edge.EdgeDriver
Capabilities {acceptInsecureCerts: false, browserName: MicrosoftEdge, browserVersion: 122.0.2365.80, fedcm:accounts: true, javascriptEnabled: true, ms:edgeOptions: {debuggerAddress: localhost:61423}, msedge: {msedgedriverVersion: 122.0.2365.80 (bfff41c27eb2..., userDataDir: C:\Users\user\AppData\Local...}, networkConnectionEnabled: false, pageLoadStrategy: normal, platform: WINDOWS, platformName: WINDOWS, proxy: Proxy(), setWindowRect: true, strictFileInteractability: false, timeouts: {implicit: 0, pageLoad: 300000, script: 30000}, unhandledPromptBehavior: dismiss and notify, webauthn:extension:credBlob: true, webauthn:extension:largeBlob: true, webauthn:extension:minPinLength: true, webauthn:extension:prf: true, webauthn:virtualAuthenticators: true}
Session ID: 1a20fdb5abc005ac42163462a27f3be7
*** Element info: {Using=css selector, value=#content h1}
	at naveenautomation.tests.ReturnPageTest.validatereturnPageNavigation(ReturnPageTest.java:32)
</failure>
    <system-out><![CDATA[2024-03-09 11:47:20 INFO  TestBase:63 - Launching Edge Browser
52895 [main] INFO com.naveenautomation.TestBases.TestBase  - Launching Edge Browser
2024-03-09 11:47:24 INFO  TestBase:40 - Loading Page in Browser
56597 [main] INFO com.naveenautomation.TestBases.TestBase  - Loading Page in Browser
2024-03-09 11:47:24 INFO  TestBase:35 - Navigating to URL : https://naveenautomationlabs.com/opencart/index.php?route=account/login
56597 [main] INFO com.naveenautomation.TestBases.TestBase  - Navigating to URL : https://naveenautomationlabs.com/opencart/index.php?route=account/login
2024-03-09 11:47:27 INFO  TestBase:41 - Navigated to URL : https://naveenautomationlabs.com/opencart/index.php?route=account/login
59761 [main] INFO com.naveenautomation.TestBases.TestBase  - Navigated to URL : https://naveenautomationlabs.com/opencart/index.php?route=account/login
2024-03-09 11:47:27 INFO  TestBase:42 - Entering Emaillijosh2@gmail.com
59763 [main] INFO com.naveenautomation.TestBases.TestBase  - Entering Emaillijosh2@gmail.com
2024-03-09 11:47:27 INFO  TestBase:77 - Finding element by : By.id: input-email
59764 [main] INFO com.naveenautomation.TestBases.TestBase  - Finding element by : By.id: input-email
2024-03-09 11:47:27 INFO  TestBase:83 - Found element by : By.id: input-email
59788 [main] INFO com.naveenautomation.TestBases.TestBase  - Found element by : By.id: input-email
2024-03-09 11:47:27 INFO  TestBase:47 - Entering Passwordpassword1
59966 [main] INFO com.naveenautomation.TestBases.TestBase  - Entering Passwordpassword1
2024-03-09 11:47:27 INFO  TestBase:77 - Finding element by : By.id: input-password
59967 [main] INFO com.naveenautomation.TestBases.TestBase  - Finding element by : By.id: input-password
2024-03-09 11:47:27 INFO  TestBase:83 - Found element by : By.id: input-password
59997 [main] INFO com.naveenautomation.TestBases.TestBase  - Found element by : By.id: input-password
2024-03-09 11:47:27 INFO  TestBase:52 - Clicking login button
60130 [main] INFO com.naveenautomation.TestBases.TestBase  - Clicking login button
2024-03-09 11:47:27 INFO  TestBase:77 - Finding element by : By.cssSelector: #content div>div form>input
60130 [main] INFO com.naveenautomation.TestBases.TestBase  - Finding element by : By.cssSelector: #content div>div form>input
2024-03-09 11:47:27 INFO  TestBase:83 - Found element by : By.cssSelector: #content div>div form>input
60168 [main] INFO com.naveenautomation.TestBases.TestBase  - Found element by : By.cssSelector: #content div>div form>input
2024-03-09 11:47:27 INFO  TestBase:89 - Clicking on element by : [[EdgeDriver: MicrosoftEdge on WINDOWS (1a20fdb5abc005ac42163462a27f3be7)] -> css selector: #content div>div form>input]
60169 [main] INFO com.naveenautomation.TestBases.TestBase  - Clicking on element by : [[EdgeDriver: MicrosoftEdge on WINDOWS (1a20fdb5abc005ac42163462a27f3be7)] -> css selector: #content div>div form>input]
2024-03-09 11:47:28 INFO  TestBase:77 - Finding element by : By.cssSelector: #column-right a
60737 [main] INFO com.naveenautomation.TestBases.TestBase  - Finding element by : By.cssSelector: #column-right a
2024-03-09 11:47:28 INFO  TestBase:83 - Found element by : By.cssSelector: #column-right a
60783 [main] INFO com.naveenautomation.TestBases.TestBase  - Found element by : By.cssSelector: #column-right a
2024-03-09 11:47:28 INFO  TestBase:148 - Getting text from element  : Login
60813 [main] INFO com.naveenautomation.TestBases.TestBase  - Getting text from element  : Login
2024-03-09 11:47:28 INFO  TestBase:154 - Geot text from element  : Login
60868 [main] INFO com.naveenautomation.TestBases.TestBase  - Geot text from element  : Login
2024-03-09 11:47:28 INFO  TestBase:148 - Getting text from element  : Register
60884 [main] INFO com.naveenautomation.TestBases.TestBase  - Getting text from element  : Register
2024-03-09 11:47:28 INFO  TestBase:154 - Geot text from element  : Register
60915 [main] INFO com.naveenautomation.TestBases.TestBase  - Geot text from element  : Register
2024-03-09 11:47:28 INFO  TestBase:148 - Getting text from element  : Forgotten Password
60930 [main] INFO com.naveenautomation.TestBases.TestBase  - Getting text from element  : Forgotten Password
2024-03-09 11:47:28 INFO  TestBase:154 - Geot text from element  : Forgotten Password
60963 [main] INFO com.naveenautomation.TestBases.TestBase  - Geot text from element  : Forgotten Password
2024-03-09 11:47:28 INFO  TestBase:148 - Getting text from element  : My Account
60979 [main] INFO com.naveenautomation.TestBases.TestBase  - Getting text from element  : My Account
2024-03-09 11:47:28 INFO  TestBase:154 - Geot text from element  : My Account
61012 [main] INFO com.naveenautomation.TestBases.TestBase  - Geot text from element  : My Account
2024-03-09 11:47:28 INFO  TestBase:148 - Getting text from element  : Address Book
61029 [main] INFO com.naveenautomation.TestBases.TestBase  - Getting text from element  : Address Book
2024-03-09 11:47:28 INFO  TestBase:154 - Geot text from element  : Address Book
61060 [main] INFO com.naveenautomation.TestBases.TestBase  - Geot text from element  : Address Book
2024-03-09 11:47:28 INFO  TestBase:148 - Getting text from element  : Wish List
61071 [main] INFO com.naveenautomation.TestBases.TestBase  - Getting text from element  : Wish List
2024-03-09 11:47:28 INFO  TestBase:154 - Geot text from element  : Wish List
61102 [main] INFO com.naveenautomation.TestBases.TestBase  - Geot text from element  : Wish List
2024-03-09 11:47:28 INFO  TestBase:148 - Getting text from element  : Order History
61128 [main] INFO com.naveenautomation.TestBases.TestBase  - Getting text from element  : Order History
2024-03-09 11:47:28 INFO  TestBase:154 - Geot text from element  : Order History
61174 [main] INFO com.naveenautomation.TestBases.TestBase  - Geot text from element  : Order History
2024-03-09 11:47:28 INFO  TestBase:148 - Getting text from element  : Downloads
61193 [main] INFO com.naveenautomation.TestBases.TestBase  - Getting text from element  : Downloads
2024-03-09 11:47:28 INFO  TestBase:154 - Geot text from element  : Downloads
61222 [main] INFO com.naveenautomation.TestBases.TestBase  - Geot text from element  : Downloads
2024-03-09 11:47:28 INFO  TestBase:148 - Getting text from element  : Recurring payments
61238 [main] INFO com.naveenautomation.TestBases.TestBase  - Getting text from element  : Recurring payments
2024-03-09 11:47:28 INFO  TestBase:154 - Geot text from element  : Recurring payments
61272 [main] INFO com.naveenautomation.TestBases.TestBase  - Geot text from element  : Recurring payments
2024-03-09 11:47:28 INFO  TestBase:148 - Getting text from element  : Reward Points
61287 [main] INFO com.naveenautomation.TestBases.TestBase  - Getting text from element  : Reward Points
2024-03-09 11:47:28 INFO  TestBase:154 - Geot text from element  : Reward Points
61317 [main] INFO com.naveenautomation.TestBases.TestBase  - Geot text from element  : Reward Points
2024-03-09 11:47:28 INFO  TestBase:148 - Getting text from element  : Returns
61330 [main] INFO com.naveenautomation.TestBases.TestBase  - Getting text from element  : Returns
2024-03-09 11:47:28 INFO  TestBase:154 - Geot text from element  : Returns
61362 [main] INFO com.naveenautomation.TestBases.TestBase  - Geot text from element  : Returns
2024-03-09 11:47:28 INFO  TestBase:89 - Clicking on element by : [[EdgeDriver: MicrosoftEdge on WINDOWS (1a20fdb5abc005ac42163462a27f3be7)] -> css selector: #column-right a]
61362 [main] INFO com.naveenautomation.TestBases.TestBase  - Clicking on element by : [[EdgeDriver: MicrosoftEdge on WINDOWS (1a20fdb5abc005ac42163462a27f3be7)] -> css selector: #column-right a]
2024-03-09 11:47:29 INFO  TestBase:77 - Finding element by : By.cssSelector: #content h1
62188 [main] INFO com.naveenautomation.TestBases.TestBase  - Finding element by : By.cssSelector: #content h1
]]></system-out>
    <system-err><![CDATA[Starting Microsoft Edge WebDriver 122.0.2365.80 (bfff41c27eb2a14d912253b34105302b913913cf) on port 30780
To submit feedback, report a bug, or suggest new features, please visit https://github.com/MicrosoftEdge/EdgeWebDriver

Only local connections are allowed.
Please see https://aka.ms/WebDriverSecurity for suggestions on keeping Microsoft Edge WebDriver safe.

Microsoft Edge WebDriver was started successfully.
Mar. 09, 2024 11:47:24 A.M. org.openqa.selenium.remote.ProtocolHandshake createSession
INFO: Detected dialect: W3C
]]></system-err>
  </testcase>
  <testcase name="validateBrandsPageNavigation" classname="naveenautomation.tests.BrandsPageTest" time="0.811"/>
  <testcase name="validateRecurringPaymentsPageNavigation" classname="naveenautomation.tests.RewardPointsPageTest" time="2.984">
    <failure message="no such element: Unable to locate element: {&quot;method&quot;:&quot;css selector&quot;,&quot;selector&quot;:&quot;#content h1&quot;}&#10;  (Session info: MicrosoftEdge=122.0.2365.80)&#10;For documentation on this error, please visit: https://www.seleniumhq.org/exceptions/no_such_element.html&#10;Build info: version: &apos;3.141.59&apos;, revision: &apos;e82be7d358&apos;, time: &apos;2018-11-14T08:17:03&apos;&#10;System info: host: &apos;DESKTOP-EFV0BSI&apos;, ip: &apos;192.168.2.29&apos;, os.name: &apos;Windows 10&apos;, os.arch: &apos;amd64&apos;, os.version: &apos;10.0&apos;, java.version: &apos;11.0.16&apos;&#10;Driver info: org.openqa.selenium.edge.EdgeDriver&#10;Capabilities {acceptInsecureCerts: false, browserName: MicrosoftEdge, browserVersion: 122.0.2365.80, fedcm:accounts: true, javascriptEnabled: true, ms:edgeOptions: {debuggerAddress: localhost:61500}, msedge: {msedgedriverVersion: 122.0.2365.80 (bfff41c27eb2..., userDataDir: C:\Users\user\AppData\Local...}, networkConnectionEnabled: false, pageLoadStrategy: normal, platform: WINDOWS, platformName: WINDOWS, proxy: Proxy(), setWindowRect: true, strictFileInteractability: false, timeouts: {implicit: 0, pageLoad: 300000, script: 30000}, unhandledPromptBehavior: dismiss and notify, webauthn:extension:credBlob: true, webauthn:extension:largeBlob: true, webauthn:extension:minPinLength: true, webauthn:extension:prf: true, webauthn:virtualAuthenticators: true}&#10;Session ID: 0077b20851d85cc0752abd3ee0faab04&#10;*** Element info: {Using=css selector, value=#content h1}" type="org.openqa.selenium.NoSuchElementException">org.openqa.selenium.NoSuchElementException: 
no such element: Unable to locate element: {"method":"css selector","selector":"#content h1"}
  (Session info: MicrosoftEdge=122.0.2365.80)
For documentation on this error, please visit: https://www.seleniumhq.org/exceptions/no_such_element.html
Build info: version: '3.141.59', revision: 'e82be7d358', time: '2018-11-14T08:17:03'
System info: host: 'DESKTOP-EFV0BSI', ip: '192.168.2.29', os.name: 'Windows 10', os.arch: 'amd64', os.version: '10.0', java.version: '11.0.16'
Driver info: org.openqa.selenium.edge.EdgeDriver
Capabilities {acceptInsecureCerts: false, browserName: MicrosoftEdge, browserVersion: 122.0.2365.80, fedcm:accounts: true, javascriptEnabled: true, ms:edgeOptions: {debuggerAddress: localhost:61500}, msedge: {msedgedriverVersion: 122.0.2365.80 (bfff41c27eb2..., userDataDir: C:\Users\user\AppData\Local...}, networkConnectionEnabled: false, pageLoadStrategy: normal, platform: WINDOWS, platformName: WINDOWS, proxy: Proxy(), setWindowRect: true, strictFileInteractability: false, timeouts: {implicit: 0, pageLoad: 300000, script: 30000}, unhandledPromptBehavior: dismiss and notify, webauthn:extension:credBlob: true, webauthn:extension:largeBlob: true, webauthn:extension:minPinLength: true, webauthn:extension:prf: true, webauthn:virtualAuthenticators: true}
Session ID: 0077b20851d85cc0752abd3ee0faab04
*** Element info: {Using=css selector, value=#content h1}
	at naveenautomation.tests.RewardPointsPageTest.validateRecurringPaymentsPageNavigation(RewardPointsPageTest.java:32)
</failure>
    <system-out><![CDATA[2024-03-09 11:47:38 INFO  TestBase:63 - Launching Edge Browser
71043 [main] INFO com.naveenautomation.TestBases.TestBase  - Launching Edge Browser
2024-03-09 11:47:42 INFO  TestBase:40 - Loading Page in Browser
74900 [main] INFO com.naveenautomation.TestBases.TestBase  - Loading Page in Browser
2024-03-09 11:47:42 INFO  TestBase:35 - Navigating to URL : https://naveenautomationlabs.com/opencart/index.php?route=account/login
74900 [main] INFO com.naveenautomation.TestBases.TestBase  - Navigating to URL : https://naveenautomationlabs.com/opencart/index.php?route=account/login
2024-03-09 11:47:46 INFO  TestBase:41 - Navigated to URL : https://naveenautomationlabs.com/opencart/index.php?route=account/login
78520 [main] INFO com.naveenautomation.TestBases.TestBase  - Navigated to URL : https://naveenautomationlabs.com/opencart/index.php?route=account/login
2024-03-09 11:47:46 INFO  TestBase:42 - Entering Emaillijosh2@gmail.com
78522 [main] INFO com.naveenautomation.TestBases.TestBase  - Entering Emaillijosh2@gmail.com
2024-03-09 11:47:46 INFO  TestBase:77 - Finding element by : By.id: input-email
78522 [main] INFO com.naveenautomation.TestBases.TestBase  - Finding element by : By.id: input-email
2024-03-09 11:47:46 INFO  TestBase:83 - Found element by : By.id: input-email
78660 [main] INFO com.naveenautomation.TestBases.TestBase  - Found element by : By.id: input-email
2024-03-09 11:47:46 INFO  TestBase:47 - Entering Passwordpassword1
78941 [main] INFO com.naveenautomation.TestBases.TestBase  - Entering Passwordpassword1
2024-03-09 11:47:46 INFO  TestBase:77 - Finding element by : By.id: input-password
78942 [main] INFO com.naveenautomation.TestBases.TestBase  - Finding element by : By.id: input-password
2024-03-09 11:47:46 INFO  TestBase:83 - Found element by : By.id: input-password
79020 [main] INFO com.naveenautomation.TestBases.TestBase  - Found element by : By.id: input-password
2024-03-09 11:47:46 INFO  TestBase:52 - Clicking login button
79193 [main] INFO com.naveenautomation.TestBases.TestBase  - Clicking login button
2024-03-09 11:47:46 INFO  TestBase:77 - Finding element by : By.cssSelector: #content div>div form>input
79193 [main] INFO com.naveenautomation.TestBases.TestBase  - Finding element by : By.cssSelector: #content div>div form>input
2024-03-09 11:47:46 INFO  TestBase:83 - Found element by : By.cssSelector: #content div>div form>input
79238 [main] INFO com.naveenautomation.TestBases.TestBase  - Found element by : By.cssSelector: #content div>div form>input
2024-03-09 11:47:46 INFO  TestBase:89 - Clicking on element by : [[EdgeDriver: MicrosoftEdge on WINDOWS (0077b20851d85cc0752abd3ee0faab04)] -> css selector: #content div>div form>input]
79239 [main] INFO com.naveenautomation.TestBases.TestBase  - Clicking on element by : [[EdgeDriver: MicrosoftEdge on WINDOWS (0077b20851d85cc0752abd3ee0faab04)] -> css selector: #content div>div form>input]
2024-03-09 11:47:47 INFO  TestBase:77 - Finding element by : By.cssSelector: #column-right a
80208 [main] INFO com.naveenautomation.TestBases.TestBase  - Finding element by : By.cssSelector: #column-right a
2024-03-09 11:47:47 INFO  TestBase:83 - Found element by : By.cssSelector: #column-right a
80241 [main] INFO com.naveenautomation.TestBases.TestBase  - Found element by : By.cssSelector: #column-right a
2024-03-09 11:47:47 INFO  TestBase:148 - Getting text from element  : Login
80272 [main] INFO com.naveenautomation.TestBases.TestBase  - Getting text from element  : Login
2024-03-09 11:47:47 INFO  TestBase:154 - Geot text from element  : Login
80305 [main] INFO com.naveenautomation.TestBases.TestBase  - Geot text from element  : Login
2024-03-09 11:47:47 INFO  TestBase:148 - Getting text from element  : Register
80318 [main] INFO com.naveenautomation.TestBases.TestBase  - Getting text from element  : Register
2024-03-09 11:47:47 INFO  TestBase:154 - Geot text from element  : Register
80345 [main] INFO com.naveenautomation.TestBases.TestBase  - Geot text from element  : Register
2024-03-09 11:47:47 INFO  TestBase:148 - Getting text from element  : Forgotten Password
80358 [main] INFO com.naveenautomation.TestBases.TestBase  - Getting text from element  : Forgotten Password
2024-03-09 11:47:47 INFO  TestBase:154 - Geot text from element  : Forgotten Password
80385 [main] INFO com.naveenautomation.TestBases.TestBase  - Geot text from element  : Forgotten Password
2024-03-09 11:47:48 INFO  TestBase:148 - Getting text from element  : My Account
80402 [main] INFO com.naveenautomation.TestBases.TestBase  - Getting text from element  : My Account
2024-03-09 11:47:48 INFO  TestBase:154 - Geot text from element  : My Account
80427 [main] INFO com.naveenautomation.TestBases.TestBase  - Geot text from element  : My Account
2024-03-09 11:47:48 INFO  TestBase:148 - Getting text from element  : Address Book
80437 [main] INFO com.naveenautomation.TestBases.TestBase  - Getting text from element  : Address Book
2024-03-09 11:47:48 INFO  TestBase:154 - Geot text from element  : Address Book
80468 [main] INFO com.naveenautomation.TestBases.TestBase  - Geot text from element  : Address Book
2024-03-09 11:47:48 INFO  TestBase:148 - Getting text from element  : Wish List
80482 [main] INFO com.naveenautomation.TestBases.TestBase  - Getting text from element  : Wish List
2024-03-09 11:47:48 INFO  TestBase:154 - Geot text from element  : Wish List
80509 [main] INFO com.naveenautomation.TestBases.TestBase  - Geot text from element  : Wish List
2024-03-09 11:47:48 INFO  TestBase:148 - Getting text from element  : Order History
80519 [main] INFO com.naveenautomation.TestBases.TestBase  - Getting text from element  : Order History
2024-03-09 11:47:48 INFO  TestBase:154 - Geot text from element  : Order History
80546 [main] INFO com.naveenautomation.TestBases.TestBase  - Geot text from element  : Order History
2024-03-09 11:47:48 INFO  TestBase:148 - Getting text from element  : Downloads
80562 [main] INFO com.naveenautomation.TestBases.TestBase  - Getting text from element  : Downloads
2024-03-09 11:47:48 INFO  TestBase:154 - Geot text from element  : Downloads
80585 [main] INFO com.naveenautomation.TestBases.TestBase  - Geot text from element  : Downloads
2024-03-09 11:47:48 INFO  TestBase:148 - Getting text from element  : Recurring payments
80598 [main] INFO com.naveenautomation.TestBases.TestBase  - Getting text from element  : Recurring payments
2024-03-09 11:47:48 INFO  TestBase:154 - Geot text from element  : Recurring payments
80620 [main] INFO com.naveenautomation.TestBases.TestBase  - Geot text from element  : Recurring payments
2024-03-09 11:47:48 INFO  TestBase:148 - Getting text from element  : Reward Points
80633 [main] INFO com.naveenautomation.TestBases.TestBase  - Getting text from element  : Reward Points
2024-03-09 11:47:48 INFO  TestBase:154 - Geot text from element  : Reward Points
80666 [main] INFO com.naveenautomation.TestBases.TestBase  - Geot text from element  : Reward Points
2024-03-09 11:47:48 INFO  TestBase:89 - Clicking on element by : [[EdgeDriver: MicrosoftEdge on WINDOWS (0077b20851d85cc0752abd3ee0faab04)] -> css selector: #column-right a]
80667 [main] INFO com.naveenautomation.TestBases.TestBase  - Clicking on element by : [[EdgeDriver: MicrosoftEdge on WINDOWS (0077b20851d85cc0752abd3ee0faab04)] -> css selector: #column-right a]
2024-03-09 11:47:49 INFO  TestBase:77 - Finding element by : By.cssSelector: #content h1
81479 [main] INFO com.naveenautomation.TestBases.TestBase  - Finding element by : By.cssSelector: #content h1
]]></system-out>
    <system-err><![CDATA[Starting Microsoft Edge WebDriver 122.0.2365.80 (bfff41c27eb2a14d912253b34105302b913913cf) on port 45647
To submit feedback, report a bug, or suggest new features, please visit https://github.com/MicrosoftEdge/EdgeWebDriver

Only local connections are allowed.
Please see https://aka.ms/WebDriverSecurity for suggestions on keeping Microsoft Edge WebDriver safe.

Microsoft Edge WebDriver was started successfully.
Mar. 09, 2024 11:47:42 A.M. org.openqa.selenium.remote.ProtocolHandshake createSession
INFO: Detected dialect: W3C
]]></system-err>
  </testcase>
  <testcase name="verifyCartPageNavigation" classname="naveenautomation.tests.CartPageTest" time="4.965"/>
  <testcase name="validateSiteMapPageNavigation" classname="naveenautomation.tests.SiteMapPageTest" time="0.836"/>
  <testcase name="validateProductSort" classname="naveenautomation.tests.CategoryAndPath24PageTest" time="2.73"/>
  <testcase name="validateSpecialsPageNavigation" classname="naveenautomation.tests.SpecialsPageTest" time="2.265"/>
  <testcase name="validateContactUsForm" classname="naveenautomation.tests.ContactUsPageTest" time="2.99"/>
  <testcase name="validateTermsAndConditionsPageNavigation" classname="naveenautomation.tests.TermsAndConditionsPageTest" time="0.848"/>
  <testcase name="validateDeliveryInformationPageNavigation" classname="naveenautomation.tests.DeliveryInformationPageTest" time="1.449"/>
  <testcase name="validateTransactionsPageNavigation" classname="naveenautomation.tests.TransactionsPageTest" time="2.383">
    <failure message="no such element: Unable to locate element: {&quot;method&quot;:&quot;css selector&quot;,&quot;selector&quot;:&quot;#content h1&quot;}&#10;  (Session info: MicrosoftEdge=122.0.2365.80)&#10;For documentation on this error, please visit: https://www.seleniumhq.org/exceptions/no_such_element.html&#10;Build info: version: &apos;3.141.59&apos;, revision: &apos;e82be7d358&apos;, time: &apos;2018-11-14T08:17:03&apos;&#10;System info: host: &apos;DESKTOP-EFV0BSI&apos;, ip: &apos;192.168.2.29&apos;, os.name: &apos;Windows 10&apos;, os.arch: &apos;amd64&apos;, os.version: &apos;10.0&apos;, java.version: &apos;11.0.16&apos;&#10;Driver info: org.openqa.selenium.edge.EdgeDriver&#10;Capabilities {acceptInsecureCerts: false, browserName: MicrosoftEdge, browserVersion: 122.0.2365.80, fedcm:accounts: true, javascriptEnabled: true, ms:edgeOptions: {debuggerAddress: localhost:61834}, msedge: {msedgedriverVersion: 122.0.2365.80 (bfff41c27eb2..., userDataDir: C:\Users\user\AppData\Local...}, networkConnectionEnabled: false, pageLoadStrategy: normal, platform: WINDOWS, platformName: WINDOWS, proxy: Proxy(), setWindowRect: true, strictFileInteractability: false, timeouts: {implicit: 0, pageLoad: 300000, script: 30000}, unhandledPromptBehavior: dismiss and notify, webauthn:extension:credBlob: true, webauthn:extension:largeBlob: true, webauthn:extension:minPinLength: true, webauthn:extension:prf: true, webauthn:virtualAuthenticators: true}&#10;Session ID: a1e22b0392f016cad5765544e9339b41&#10;*** Element info: {Using=css selector, value=#content h1}" type="org.openqa.selenium.NoSuchElementException">org.openqa.selenium.NoSuchElementException: 
no such element: Unable to locate element: {"method":"css selector","selector":"#content h1"}
  (Session info: MicrosoftEdge=122.0.2365.80)
For documentation on this error, please visit: https://www.seleniumhq.org/exceptions/no_such_element.html
Build info: version: '3.141.59', revision: 'e82be7d358', time: '2018-11-14T08:17:03'
System info: host: 'DESKTOP-EFV0BSI', ip: '192.168.2.29', os.name: 'Windows 10', os.arch: 'amd64', os.version: '10.0', java.version: '11.0.16'
Driver info: org.openqa.selenium.edge.EdgeDriver
Capabilities {acceptInsecureCerts: false, browserName: MicrosoftEdge, browserVersion: 122.0.2365.80, fedcm:accounts: true, javascriptEnabled: true, ms:edgeOptions: {debuggerAddress: localhost:61834}, msedge: {msedgedriverVersion: 122.0.2365.80 (bfff41c27eb2..., userDataDir: C:\Users\user\AppData\Local...}, networkConnectionEnabled: false, pageLoadStrategy: normal, platform: WINDOWS, platformName: WINDOWS, proxy: Proxy(), setWindowRect: true, strictFileInteractability: false, timeouts: {implicit: 0, pageLoad: 300000, script: 30000}, unhandledPromptBehavior: dismiss and notify, webauthn:extension:credBlob: true, webauthn:extension:largeBlob: true, webauthn:extension:minPinLength: true, webauthn:extension:prf: true, webauthn:virtualAuthenticators: true}
Session ID: a1e22b0392f016cad5765544e9339b41
*** Element info: {Using=css selector, value=#content h1}
	at naveenautomation.tests.TransactionsPageTest.validateTransactionsPageNavigation(TransactionsPageTest.java:32)
</failure>
    <system-out><![CDATA[2024-03-09 11:48:58 INFO  TestBase:63 - Launching Edge Browser
150534 [main] INFO com.naveenautomation.TestBases.TestBase  - Launching Edge Browser
2024-03-09 11:49:01 INFO  TestBase:40 - Loading Page in Browser
154010 [main] INFO com.naveenautomation.TestBases.TestBase  - Loading Page in Browser
2024-03-09 11:49:01 INFO  TestBase:35 - Navigating to URL : https://naveenautomationlabs.com/opencart/index.php?route=account/login
154011 [main] INFO com.naveenautomation.TestBases.TestBase  - Navigating to URL : https://naveenautomationlabs.com/opencart/index.php?route=account/login
2024-03-09 11:49:06 INFO  TestBase:41 - Navigated to URL : https://naveenautomationlabs.com/opencart/index.php?route=account/login
158561 [main] INFO com.naveenautomation.TestBases.TestBase  - Navigated to URL : https://naveenautomationlabs.com/opencart/index.php?route=account/login
2024-03-09 11:49:06 INFO  TestBase:42 - Entering Emaillijosh2@gmail.com
158562 [main] INFO com.naveenautomation.TestBases.TestBase  - Entering Emaillijosh2@gmail.com
2024-03-09 11:49:06 INFO  TestBase:77 - Finding element by : By.id: input-email
158562 [main] INFO com.naveenautomation.TestBases.TestBase  - Finding element by : By.id: input-email
2024-03-09 11:49:06 INFO  TestBase:83 - Found element by : By.id: input-email
158599 [main] INFO com.naveenautomation.TestBases.TestBase  - Found element by : By.id: input-email
2024-03-09 11:49:06 INFO  TestBase:47 - Entering Passwordpassword1
158747 [main] INFO com.naveenautomation.TestBases.TestBase  - Entering Passwordpassword1
2024-03-09 11:49:06 INFO  TestBase:77 - Finding element by : By.id: input-password
158748 [main] INFO com.naveenautomation.TestBases.TestBase  - Finding element by : By.id: input-password
2024-03-09 11:49:06 INFO  TestBase:83 - Found element by : By.id: input-password
158784 [main] INFO com.naveenautomation.TestBases.TestBase  - Found element by : By.id: input-password
2024-03-09 11:49:06 INFO  TestBase:52 - Clicking login button
158910 [main] INFO com.naveenautomation.TestBases.TestBase  - Clicking login button
2024-03-09 11:49:06 INFO  TestBase:77 - Finding element by : By.cssSelector: #content div>div form>input
158911 [main] INFO com.naveenautomation.TestBases.TestBase  - Finding element by : By.cssSelector: #content div>div form>input
2024-03-09 11:49:06 INFO  TestBase:83 - Found element by : By.cssSelector: #content div>div form>input
158944 [main] INFO com.naveenautomation.TestBases.TestBase  - Found element by : By.cssSelector: #content div>div form>input
2024-03-09 11:49:06 INFO  TestBase:89 - Clicking on element by : [[EdgeDriver: MicrosoftEdge on WINDOWS (a1e22b0392f016cad5765544e9339b41)] -> css selector: #content div>div form>input]
158944 [main] INFO com.naveenautomation.TestBases.TestBase  - Clicking on element by : [[EdgeDriver: MicrosoftEdge on WINDOWS (a1e22b0392f016cad5765544e9339b41)] -> css selector: #content div>div form>input]
2024-03-09 11:49:07 INFO  TestBase:77 - Finding element by : By.cssSelector: #column-right a
159577 [main] INFO com.naveenautomation.TestBases.TestBase  - Finding element by : By.cssSelector: #column-right a
2024-03-09 11:49:07 INFO  TestBase:83 - Found element by : By.cssSelector: #column-right a
159637 [main] INFO com.naveenautomation.TestBases.TestBase  - Found element by : By.cssSelector: #column-right a
2024-03-09 11:49:07 INFO  TestBase:148 - Getting text from element  : Login
159666 [main] INFO com.naveenautomation.TestBases.TestBase  - Getting text from element  : Login
2024-03-09 11:49:07 INFO  TestBase:154 - Geot text from element  : Login
159703 [main] INFO com.naveenautomation.TestBases.TestBase  - Geot text from element  : Login
2024-03-09 11:49:07 INFO  TestBase:148 - Getting text from element  : Register
159722 [main] INFO com.naveenautomation.TestBases.TestBase  - Getting text from element  : Register
2024-03-09 11:49:07 INFO  TestBase:154 - Geot text from element  : Register
159757 [main] INFO com.naveenautomation.TestBases.TestBase  - Geot text from element  : Register
2024-03-09 11:49:07 INFO  TestBase:148 - Getting text from element  : Forgotten Password
159767 [main] INFO com.naveenautomation.TestBases.TestBase  - Getting text from element  : Forgotten Password
2024-03-09 11:49:07 INFO  TestBase:154 - Geot text from element  : Forgotten Password
159792 [main] INFO com.naveenautomation.TestBases.TestBase  - Geot text from element  : Forgotten Password
2024-03-09 11:49:07 INFO  TestBase:148 - Getting text from element  : My Account
159806 [main] INFO com.naveenautomation.TestBases.TestBase  - Getting text from element  : My Account
2024-03-09 11:49:07 INFO  TestBase:154 - Geot text from element  : My Account
159828 [main] INFO com.naveenautomation.TestBases.TestBase  - Geot text from element  : My Account
2024-03-09 11:49:07 INFO  TestBase:148 - Getting text from element  : Address Book
159840 [main] INFO com.naveenautomation.TestBases.TestBase  - Getting text from element  : Address Book
2024-03-09 11:49:07 INFO  TestBase:154 - Geot text from element  : Address Book
159866 [main] INFO com.naveenautomation.TestBases.TestBase  - Geot text from element  : Address Book
2024-03-09 11:49:07 INFO  TestBase:148 - Getting text from element  : Wish List
159878 [main] INFO com.naveenautomation.TestBases.TestBase  - Getting text from element  : Wish List
2024-03-09 11:49:07 INFO  TestBase:154 - Geot text from element  : Wish List
159900 [main] INFO com.naveenautomation.TestBases.TestBase  - Geot text from element  : Wish List
2024-03-09 11:49:07 INFO  TestBase:148 - Getting text from element  : Order History
159913 [main] INFO com.naveenautomation.TestBases.TestBase  - Getting text from element  : Order History
2024-03-09 11:49:07 INFO  TestBase:154 - Geot text from element  : Order History
159935 [main] INFO com.naveenautomation.TestBases.TestBase  - Geot text from element  : Order History
2024-03-09 11:49:07 INFO  TestBase:148 - Getting text from element  : Downloads
159948 [main] INFO com.naveenautomation.TestBases.TestBase  - Getting text from element  : Downloads
2024-03-09 11:49:07 INFO  TestBase:154 - Geot text from element  : Downloads
159972 [main] INFO com.naveenautomation.TestBases.TestBase  - Geot text from element  : Downloads
2024-03-09 11:49:07 INFO  TestBase:148 - Getting text from element  : Recurring payments
159983 [main] INFO com.naveenautomation.TestBases.TestBase  - Getting text from element  : Recurring payments
2024-03-09 11:49:07 INFO  TestBase:154 - Geot text from element  : Recurring payments
160009 [main] INFO com.naveenautomation.TestBases.TestBase  - Geot text from element  : Recurring payments
2024-03-09 11:49:07 INFO  TestBase:148 - Getting text from element  : Reward Points
160021 [main] INFO com.naveenautomation.TestBases.TestBase  - Getting text from element  : Reward Points
2024-03-09 11:49:07 INFO  TestBase:154 - Geot text from element  : Reward Points
160047 [main] INFO com.naveenautomation.TestBases.TestBase  - Geot text from element  : Reward Points
2024-03-09 11:49:07 INFO  TestBase:148 - Getting text from element  : Returns
160060 [main] INFO com.naveenautomation.TestBases.TestBase  - Getting text from element  : Returns
2024-03-09 11:49:07 INFO  TestBase:154 - Geot text from element  : Returns
160083 [main] INFO com.naveenautomation.TestBases.TestBase  - Geot text from element  : Returns
2024-03-09 11:49:07 INFO  TestBase:148 - Getting text from element  : Transactions
160097 [main] INFO com.naveenautomation.TestBases.TestBase  - Getting text from element  : Transactions
2024-03-09 11:49:07 INFO  TestBase:154 - Geot text from element  : Transactions
160124 [main] INFO com.naveenautomation.TestBases.TestBase  - Geot text from element  : Transactions
2024-03-09 11:49:07 INFO  TestBase:89 - Clicking on element by : [[EdgeDriver: MicrosoftEdge on WINDOWS (a1e22b0392f016cad5765544e9339b41)] -> css selector: #column-right a]
160124 [main] INFO com.naveenautomation.TestBases.TestBase  - Clicking on element by : [[EdgeDriver: MicrosoftEdge on WINDOWS (a1e22b0392f016cad5765544e9339b41)] -> css selector: #column-right a]
2024-03-09 11:49:08 INFO  TestBase:77 - Finding element by : By.cssSelector: #content h1
160913 [main] INFO com.naveenautomation.TestBases.TestBase  - Finding element by : By.cssSelector: #content h1
]]></system-out>
    <system-err><![CDATA[Starting Microsoft Edge WebDriver 122.0.2365.80 (bfff41c27eb2a14d912253b34105302b913913cf) on port 5416
To submit feedback, report a bug, or suggest new features, please visit https://github.com/MicrosoftEdge/EdgeWebDriver

Only local connections are allowed.
Please see https://aka.ms/WebDriverSecurity for suggestions on keeping Microsoft Edge WebDriver safe.

Microsoft Edge WebDriver was started successfully.
Mar. 09, 2024 11:49:01 A.M. org.openqa.selenium.remote.ProtocolHandshake createSession
INFO: Detected dialect: W3C
]]></system-err>
  </testcase>
  <testcase name="validateDownloadsPageNavigation" classname="naveenautomation.tests.DownloadPageTest" time="2.439">
    <failure message="Actual and Expected header text don&apos;t match expected [Account Downloads] but found [New Customer]" type="java.lang.AssertionError">java.lang.AssertionError: Actual and Expected header text don't match expected [Account Downloads] but found [New Customer]
	at naveenautomation.tests.DownloadPageTest.validateDownloadsPageNavigation(DownloadPageTest.java:33)
</failure>
    <system-out><![CDATA[2024-03-09 11:49:08 INFO  TestBase:63 - Launching Edge Browser
161175 [main] INFO com.naveenautomation.TestBases.TestBase  - Launching Edge Browser
2024-03-09 11:49:12 INFO  TestBase:40 - Loading Page in Browser
164660 [main] INFO com.naveenautomation.TestBases.TestBase  - Loading Page in Browser
2024-03-09 11:49:12 INFO  TestBase:35 - Navigating to URL : https://naveenautomationlabs.com/opencart/index.php?route=account/login
164661 [main] INFO com.naveenautomation.TestBases.TestBase  - Navigating to URL : https://naveenautomationlabs.com/opencart/index.php?route=account/login
2024-03-09 11:49:15 INFO  TestBase:41 - Navigated to URL : https://naveenautomationlabs.com/opencart/index.php?route=account/login
167950 [main] INFO com.naveenautomation.TestBases.TestBase  - Navigated to URL : https://naveenautomationlabs.com/opencart/index.php?route=account/login
2024-03-09 11:49:15 INFO  TestBase:42 - Entering Emaillijosh2@gmail.com
167951 [main] INFO com.naveenautomation.TestBases.TestBase  - Entering Emaillijosh2@gmail.com
2024-03-09 11:49:15 INFO  TestBase:77 - Finding element by : By.id: input-email
167951 [main] INFO com.naveenautomation.TestBases.TestBase  - Finding element by : By.id: input-email
2024-03-09 11:49:15 INFO  TestBase:83 - Found element by : By.id: input-email
168008 [main] INFO com.naveenautomation.TestBases.TestBase  - Found element by : By.id: input-email
2024-03-09 11:49:15 INFO  TestBase:47 - Entering Passwordpassword1
168223 [main] INFO com.naveenautomation.TestBases.TestBase  - Entering Passwordpassword1
2024-03-09 11:49:15 INFO  TestBase:77 - Finding element by : By.id: input-password
168223 [main] INFO com.naveenautomation.TestBases.TestBase  - Finding element by : By.id: input-password
2024-03-09 11:49:15 INFO  TestBase:83 - Found element by : By.id: input-password
168262 [main] INFO com.naveenautomation.TestBases.TestBase  - Found element by : By.id: input-password
2024-03-09 11:49:16 INFO  TestBase:52 - Clicking login button
168516 [main] INFO com.naveenautomation.TestBases.TestBase  - Clicking login button
2024-03-09 11:49:16 INFO  TestBase:77 - Finding element by : By.cssSelector: #content div>div form>input
168516 [main] INFO com.naveenautomation.TestBases.TestBase  - Finding element by : By.cssSelector: #content div>div form>input
2024-03-09 11:49:16 INFO  TestBase:83 - Found element by : By.cssSelector: #content div>div form>input
168549 [main] INFO com.naveenautomation.TestBases.TestBase  - Found element by : By.cssSelector: #content div>div form>input
2024-03-09 11:49:16 INFO  TestBase:89 - Clicking on element by : [[EdgeDriver: MicrosoftEdge on WINDOWS (056c51c7ad76531ef744f9d7070971f6)] -> css selector: #content div>div form>input]
168549 [main] INFO com.naveenautomation.TestBases.TestBase  - Clicking on element by : [[EdgeDriver: MicrosoftEdge on WINDOWS (056c51c7ad76531ef744f9d7070971f6)] -> css selector: #content div>div form>input]
2024-03-09 11:49:16 INFO  TestBase:77 - Finding element by : By.cssSelector: #column-right a
169150 [main] INFO com.naveenautomation.TestBases.TestBase  - Finding element by : By.cssSelector: #column-right a
2024-03-09 11:49:16 INFO  TestBase:83 - Found element by : By.cssSelector: #column-right a
169226 [main] INFO com.naveenautomation.TestBases.TestBase  - Found element by : By.cssSelector: #column-right a
2024-03-09 11:49:16 INFO  TestBase:148 - Getting text from element  : Login
169247 [main] INFO com.naveenautomation.TestBases.TestBase  - Getting text from element  : Login
2024-03-09 11:49:16 INFO  TestBase:154 - Geot text from element  : Login
169279 [main] INFO com.naveenautomation.TestBases.TestBase  - Geot text from element  : Login
2024-03-09 11:49:16 INFO  TestBase:148 - Getting text from element  : Register
169296 [main] INFO com.naveenautomation.TestBases.TestBase  - Getting text from element  : Register
2024-03-09 11:49:16 INFO  TestBase:154 - Geot text from element  : Register
169324 [main] INFO com.naveenautomation.TestBases.TestBase  - Geot text from element  : Register
2024-03-09 11:49:16 INFO  TestBase:148 - Getting text from element  : Forgotten Password
169334 [main] INFO com.naveenautomation.TestBases.TestBase  - Getting text from element  : Forgotten Password
2024-03-09 11:49:16 INFO  TestBase:154 - Geot text from element  : Forgotten Password
169362 [main] INFO com.naveenautomation.TestBases.TestBase  - Geot text from element  : Forgotten Password
2024-03-09 11:49:16 INFO  TestBase:148 - Getting text from element  : My Account
169374 [main] INFO com.naveenautomation.TestBases.TestBase  - Getting text from element  : My Account
2024-03-09 11:49:17 INFO  TestBase:154 - Geot text from element  : My Account
169398 [main] INFO com.naveenautomation.TestBases.TestBase  - Geot text from element  : My Account
2024-03-09 11:49:17 INFO  TestBase:148 - Getting text from element  : Address Book
169411 [main] INFO com.naveenautomation.TestBases.TestBase  - Getting text from element  : Address Book
2024-03-09 11:49:17 INFO  TestBase:154 - Geot text from element  : Address Book
169432 [main] INFO com.naveenautomation.TestBases.TestBase  - Geot text from element  : Address Book
2024-03-09 11:49:17 INFO  TestBase:148 - Getting text from element  : Wish List
169445 [main] INFO com.naveenautomation.TestBases.TestBase  - Getting text from element  : Wish List
2024-03-09 11:49:17 INFO  TestBase:154 - Geot text from element  : Wish List
169466 [main] INFO com.naveenautomation.TestBases.TestBase  - Geot text from element  : Wish List
2024-03-09 11:49:17 INFO  TestBase:148 - Getting text from element  : Order History
169481 [main] INFO com.naveenautomation.TestBases.TestBase  - Getting text from element  : Order History
2024-03-09 11:49:17 INFO  TestBase:154 - Geot text from element  : Order History
169514 [main] INFO com.naveenautomation.TestBases.TestBase  - Geot text from element  : Order History
2024-03-09 11:49:17 INFO  TestBase:148 - Getting text from element  : Downloads
169527 [main] INFO com.naveenautomation.TestBases.TestBase  - Getting text from element  : Downloads
2024-03-09 11:49:17 INFO  TestBase:154 - Geot text from element  : Downloads
169548 [main] INFO com.naveenautomation.TestBases.TestBase  - Geot text from element  : Downloads
2024-03-09 11:49:17 INFO  TestBase:89 - Clicking on element by : [[EdgeDriver: MicrosoftEdge on WINDOWS (056c51c7ad76531ef744f9d7070971f6)] -> css selector: #column-right a]
169549 [main] INFO com.naveenautomation.TestBases.TestBase  - Clicking on element by : [[EdgeDriver: MicrosoftEdge on WINDOWS (056c51c7ad76531ef744f9d7070971f6)] -> css selector: #column-right a]
2024-03-09 11:49:17 INFO  TestBase:77 - Finding element by : By.cssSelector: #content h2
170322 [main] INFO com.naveenautomation.TestBases.TestBase  - Finding element by : By.cssSelector: #content h2
2024-03-09 11:49:17 INFO  TestBase:83 - Found element by : By.cssSelector: #content h2
170349 [main] INFO com.naveenautomation.TestBases.TestBase  - Found element by : By.cssSelector: #content h2
2024-03-09 11:49:17 INFO  TestBase:148 - Getting text from element  : New Customer
170362 [main] INFO com.naveenautomation.TestBases.TestBase  - Getting text from element  : New Customer
2024-03-09 11:49:18 INFO  TestBase:154 - Geot text from element  : New Customer
170393 [main] INFO com.naveenautomation.TestBases.TestBase  - Geot text from element  : New Customer
]]></system-out>
    <system-err><![CDATA[Starting Microsoft Edge WebDriver 122.0.2365.80 (bfff41c27eb2a14d912253b34105302b913913cf) on port 39429
To submit feedback, report a bug, or suggest new features, please visit https://github.com/MicrosoftEdge/EdgeWebDriver

Only local connections are allowed.
Please see https://aka.ms/WebDriverSecurity for suggestions on keeping Microsoft Edge WebDriver safe.

Microsoft Edge WebDriver was started successfully.
Mar. 09, 2024 11:49:12 A.M. org.openqa.selenium.remote.ProtocolHandshake createSession
INFO: Detected dialect: W3C
]]></system-err>
  </testcase>
  <testcase name="validateWishListPageNavigation" classname="naveenautomation.tests.WishListPageTest" time="3.31">
    <failure message="Actual and Expected header text don&apos;t match expected [My Wish List] but found [New Customer]" type="java.lang.AssertionError">java.lang.AssertionError: Actual and Expected header text don't match expected [My Wish List] but found [New Customer]
	at naveenautomation.tests.WishListPageTest.validateWishListPageNavigation(WishListPageTest.java:32)
</failure>
    <system-out><![CDATA[2024-03-09 11:49:18 INFO  TestBase:63 - Launching Edge Browser
170729 [main] INFO com.naveenautomation.TestBases.TestBase  - Launching Edge Browser
2024-03-09 11:49:21 INFO  TestBase:40 - Loading Page in Browser
174240 [main] INFO com.naveenautomation.TestBases.TestBase  - Loading Page in Browser
2024-03-09 11:49:21 INFO  TestBase:35 - Navigating to URL : https://naveenautomationlabs.com/opencart/index.php?route=account/login
174240 [main] INFO com.naveenautomation.TestBases.TestBase  - Navigating to URL : https://naveenautomationlabs.com/opencart/index.php?route=account/login
2024-03-09 11:49:24 INFO  TestBase:41 - Navigated to URL : https://naveenautomationlabs.com/opencart/index.php?route=account/login
177201 [main] INFO com.naveenautomation.TestBases.TestBase  - Navigated to URL : https://naveenautomationlabs.com/opencart/index.php?route=account/login
2024-03-09 11:49:24 INFO  TestBase:42 - Entering Emaillijosh2@gmail.com
177202 [main] INFO com.naveenautomation.TestBases.TestBase  - Entering Emaillijosh2@gmail.com
2024-03-09 11:49:24 INFO  TestBase:77 - Finding element by : By.id: input-email
177202 [main] INFO com.naveenautomation.TestBases.TestBase  - Finding element by : By.id: input-email
2024-03-09 11:49:24 INFO  TestBase:83 - Found element by : By.id: input-email
177281 [main] INFO com.naveenautomation.TestBases.TestBase  - Found element by : By.id: input-email
2024-03-09 11:49:25 INFO  TestBase:47 - Entering Passwordpassword1
178248 [main] INFO com.naveenautomation.TestBases.TestBase  - Entering Passwordpassword1
2024-03-09 11:49:25 INFO  TestBase:77 - Finding element by : By.id: input-password
178249 [main] INFO com.naveenautomation.TestBases.TestBase  - Finding element by : By.id: input-password
2024-03-09 11:49:25 INFO  TestBase:83 - Found element by : By.id: input-password
178290 [main] INFO com.naveenautomation.TestBases.TestBase  - Found element by : By.id: input-password
2024-03-09 11:49:26 INFO  TestBase:52 - Clicking login button
178432 [main] INFO com.naveenautomation.TestBases.TestBase  - Clicking login button
2024-03-09 11:49:26 INFO  TestBase:77 - Finding element by : By.cssSelector: #content div>div form>input
178432 [main] INFO com.naveenautomation.TestBases.TestBase  - Finding element by : By.cssSelector: #content div>div form>input
2024-03-09 11:49:26 INFO  TestBase:83 - Found element by : By.cssSelector: #content div>div form>input
178476 [main] INFO com.naveenautomation.TestBases.TestBase  - Found element by : By.cssSelector: #content div>div form>input
2024-03-09 11:49:26 INFO  TestBase:89 - Clicking on element by : [[EdgeDriver: MicrosoftEdge on WINDOWS (fbee4ad9b9aea41bb781b541a0f65b5d)] -> css selector: #content div>div form>input]
178477 [main] INFO com.naveenautomation.TestBases.TestBase  - Clicking on element by : [[EdgeDriver: MicrosoftEdge on WINDOWS (fbee4ad9b9aea41bb781b541a0f65b5d)] -> css selector: #content div>div form>input]
2024-03-09 11:49:26 INFO  TestBase:77 - Finding element by : By.cssSelector: #column-right a
179068 [main] INFO com.naveenautomation.TestBases.TestBase  - Finding element by : By.cssSelector: #column-right a
2024-03-09 11:49:26 INFO  TestBase:83 - Found element by : By.cssSelector: #column-right a
179129 [main] INFO com.naveenautomation.TestBases.TestBase  - Found element by : By.cssSelector: #column-right a
2024-03-09 11:49:26 INFO  TestBase:148 - Getting text from element  : Login
179160 [main] INFO com.naveenautomation.TestBases.TestBase  - Getting text from element  : Login
2024-03-09 11:49:26 INFO  TestBase:154 - Geot text from element  : Login
179241 [main] INFO com.naveenautomation.TestBases.TestBase  - Geot text from element  : Login
2024-03-09 11:49:26 INFO  TestBase:148 - Getting text from element  : Register
179258 [main] INFO com.naveenautomation.TestBases.TestBase  - Getting text from element  : Register
2024-03-09 11:49:26 INFO  TestBase:154 - Geot text from element  : Register
179291 [main] INFO com.naveenautomation.TestBases.TestBase  - Geot text from element  : Register
2024-03-09 11:49:26 INFO  TestBase:148 - Getting text from element  : Forgotten Password
179306 [main] INFO com.naveenautomation.TestBases.TestBase  - Getting text from element  : Forgotten Password
2024-03-09 11:49:26 INFO  TestBase:154 - Geot text from element  : Forgotten Password
179340 [main] INFO com.naveenautomation.TestBases.TestBase  - Geot text from element  : Forgotten Password
2024-03-09 11:49:26 INFO  TestBase:148 - Getting text from element  : My Account
179355 [main] INFO com.naveenautomation.TestBases.TestBase  - Getting text from element  : My Account
2024-03-09 11:49:26 INFO  TestBase:154 - Geot text from element  : My Account
179388 [main] INFO com.naveenautomation.TestBases.TestBase  - Geot text from element  : My Account
2024-03-09 11:49:27 INFO  TestBase:148 - Getting text from element  : Address Book
179404 [main] INFO com.naveenautomation.TestBases.TestBase  - Getting text from element  : Address Book
2024-03-09 11:49:27 INFO  TestBase:154 - Geot text from element  : Address Book
179431 [main] INFO com.naveenautomation.TestBases.TestBase  - Geot text from element  : Address Book
2024-03-09 11:49:27 INFO  TestBase:148 - Getting text from element  : Wish List
179445 [main] INFO com.naveenautomation.TestBases.TestBase  - Getting text from element  : Wish List
2024-03-09 11:49:27 INFO  TestBase:154 - Geot text from element  : Wish List
179472 [main] INFO com.naveenautomation.TestBases.TestBase  - Geot text from element  : Wish List
2024-03-09 11:49:27 INFO  TestBase:89 - Clicking on element by : [[EdgeDriver: MicrosoftEdge on WINDOWS (fbee4ad9b9aea41bb781b541a0f65b5d)] -> css selector: #column-right a]
179473 [main] INFO com.naveenautomation.TestBases.TestBase  - Clicking on element by : [[EdgeDriver: MicrosoftEdge on WINDOWS (fbee4ad9b9aea41bb781b541a0f65b5d)] -> css selector: #column-right a]
2024-03-09 11:49:27 INFO  TestBase:77 - Finding element by : By.cssSelector: #content h2
180308 [main] INFO com.naveenautomation.TestBases.TestBase  - Finding element by : By.cssSelector: #content h2
2024-03-09 11:49:27 INFO  TestBase:83 - Found element by : By.cssSelector: #content h2
180363 [main] INFO com.naveenautomation.TestBases.TestBase  - Found element by : By.cssSelector: #content h2
2024-03-09 11:49:28 INFO  TestBase:148 - Getting text from element  : New Customer
180394 [main] INFO com.naveenautomation.TestBases.TestBase  - Getting text from element  : New Customer
2024-03-09 11:49:28 INFO  TestBase:154 - Geot text from element  : New Customer
180513 [main] INFO com.naveenautomation.TestBases.TestBase  - Geot text from element  : New Customer
]]></system-out>
    <system-err><![CDATA[Starting Microsoft Edge WebDriver 122.0.2365.80 (bfff41c27eb2a14d912253b34105302b913913cf) on port 40574
To submit feedback, report a bug, or suggest new features, please visit https://github.com/MicrosoftEdge/EdgeWebDriver

Only local connections are allowed.
Please see https://aka.ms/WebDriverSecurity for suggestions on keeping Microsoft Edge WebDriver safe.

Microsoft Edge WebDriver was started successfully.
Mar. 09, 2024 11:49:21 A.M. org.openqa.selenium.remote.ProtocolHandshake createSession
INFO: Detected dialect: W3C
]]></system-err>
  </testcase>
  <testcase name="verifyAddtoCartFromHome" classname="naveenautomation.tests.HomePageTest" time="3.917">
    <failure message="Add to cart alert doesn&apos;t contain the expected text expected [true] but found [false]" type="java.lang.AssertionError">java.lang.AssertionError: Add to cart alert doesn't contain the expected text expected [true] but found [false]
	at naveenautomation.tests.HomePageTest.verifyAddtoCartFromHome(HomePageTest.java:40)
</failure>
    <system-out><![CDATA[2024-03-09 11:49:28 INFO  TestBase:63 - Launching Edge Browser
181086 [main] INFO com.naveenautomation.TestBases.TestBase  - Launching Edge Browser
2024-03-09 11:49:32 INFO  TestBase:40 - Loading Page in Browser
184596 [main] INFO com.naveenautomation.TestBases.TestBase  - Loading Page in Browser
2024-03-09 11:49:32 INFO  TestBase:35 - Navigating to URL : https://naveenautomationlabs.com/opencart/index.php?route=account/login
184596 [main] INFO com.naveenautomation.TestBases.TestBase  - Navigating to URL : https://naveenautomationlabs.com/opencart/index.php?route=account/login
2024-03-09 11:49:35 INFO  TestBase:41 - Navigated to URL : https://naveenautomationlabs.com/opencart/index.php?route=account/login
187571 [main] INFO com.naveenautomation.TestBases.TestBase  - Navigated to URL : https://naveenautomationlabs.com/opencart/index.php?route=account/login
2024-03-09 11:49:35 INFO  TestBase:42 - Entering Emaillijosh2@gmail.com
187571 [main] INFO com.naveenautomation.TestBases.TestBase  - Entering Emaillijosh2@gmail.com
2024-03-09 11:49:35 INFO  TestBase:77 - Finding element by : By.id: input-email
187572 [main] INFO com.naveenautomation.TestBases.TestBase  - Finding element by : By.id: input-email
2024-03-09 11:49:35 INFO  TestBase:83 - Found element by : By.id: input-email
187607 [main] INFO com.naveenautomation.TestBases.TestBase  - Found element by : By.id: input-email
2024-03-09 11:49:35 INFO  TestBase:47 - Entering Passwordpassword1
187791 [main] INFO com.naveenautomation.TestBases.TestBase  - Entering Passwordpassword1
2024-03-09 11:49:35 INFO  TestBase:77 - Finding element by : By.id: input-password
187792 [main] INFO com.naveenautomation.TestBases.TestBase  - Finding element by : By.id: input-password
2024-03-09 11:49:35 INFO  TestBase:83 - Found element by : By.id: input-password
187871 [main] INFO com.naveenautomation.TestBases.TestBase  - Found element by : By.id: input-password
2024-03-09 11:49:35 INFO  TestBase:52 - Clicking login button
188177 [main] INFO com.naveenautomation.TestBases.TestBase  - Clicking login button
2024-03-09 11:49:35 INFO  TestBase:77 - Finding element by : By.cssSelector: #content div>div form>input
188177 [main] INFO com.naveenautomation.TestBases.TestBase  - Finding element by : By.cssSelector: #content div>div form>input
2024-03-09 11:49:35 INFO  TestBase:83 - Found element by : By.cssSelector: #content div>div form>input
188232 [main] INFO com.naveenautomation.TestBases.TestBase  - Found element by : By.cssSelector: #content div>div form>input
2024-03-09 11:49:35 INFO  TestBase:89 - Clicking on element by : [[EdgeDriver: MicrosoftEdge on WINDOWS (2acefb590bc52d909c31733ae609b263)] -> css selector: #content div>div form>input]
188233 [main] INFO com.naveenautomation.TestBases.TestBase  - Clicking on element by : [[EdgeDriver: MicrosoftEdge on WINDOWS (2acefb590bc52d909c31733ae609b263)] -> css selector: #content div>div form>input]
2024-03-09 11:49:36 INFO  TestBase:77 - Finding element by : By.cssSelector: #logo img
188791 [main] INFO com.naveenautomation.TestBases.TestBase  - Finding element by : By.cssSelector: #logo img
2024-03-09 11:49:36 INFO  TestBase:83 - Found element by : By.cssSelector: #logo img
188825 [main] INFO com.naveenautomation.TestBases.TestBase  - Found element by : By.cssSelector: #logo img
2024-03-09 11:49:36 INFO  TestBase:77 - Finding element by : By.cssSelector: #logo img
188861 [main] INFO com.naveenautomation.TestBases.TestBase  - Finding element by : By.cssSelector: #logo img
2024-03-09 11:49:36 INFO  TestBase:83 - Found element by : By.cssSelector: #logo img
188878 [main] INFO com.naveenautomation.TestBases.TestBase  - Found element by : By.cssSelector: #logo img
2024-03-09 11:49:36 INFO  TestBase:77 - Finding element by : By.cssSelector: #logo img
188890 [main] INFO com.naveenautomation.TestBases.TestBase  - Finding element by : By.cssSelector: #logo img
2024-03-09 11:49:36 INFO  TestBase:83 - Found element by : By.cssSelector: #logo img
188911 [main] INFO com.naveenautomation.TestBases.TestBase  - Found element by : By.cssSelector: #logo img
2024-03-09 11:49:36 INFO  TestBase:89 - Clicking on element by : [[EdgeDriver: MicrosoftEdge on WINDOWS (2acefb590bc52d909c31733ae609b263)] -> css selector: #logo img]
188911 [main] INFO com.naveenautomation.TestBases.TestBase  - Clicking on element by : [[EdgeDriver: MicrosoftEdge on WINDOWS (2acefb590bc52d909c31733ae609b263)] -> css selector: #logo img]
2024-03-09 11:49:38 INFO  TestBase:77 - Finding element by : By.cssSelector: #content .row>div:first-of-type .button-group button:first-of-type
190917 [main] INFO com.naveenautomation.TestBases.TestBase  - Finding element by : By.cssSelector: #content .row>div:first-of-type .button-group button:first-of-type
2024-03-09 11:49:38 INFO  TestBase:83 - Found element by : By.cssSelector: #content .row>div:first-of-type .button-group button:first-of-type
190958 [main] INFO com.naveenautomation.TestBases.TestBase  - Found element by : By.cssSelector: #content .row>div:first-of-type .button-group button:first-of-type
2024-03-09 11:49:38 INFO  TestBase:77 - Finding element by : By.cssSelector: #content .row>div:first-of-type .button-group button:first-of-type
190991 [main] INFO com.naveenautomation.TestBases.TestBase  - Finding element by : By.cssSelector: #content .row>div:first-of-type .button-group button:first-of-type
2024-03-09 11:49:38 INFO  TestBase:83 - Found element by : By.cssSelector: #content .row>div:first-of-type .button-group button:first-of-type
191010 [main] INFO com.naveenautomation.TestBases.TestBase  - Found element by : By.cssSelector: #content .row>div:first-of-type .button-group button:first-of-type
2024-03-09 11:49:38 INFO  TestBase:77 - Finding element by : By.cssSelector: #content .row>div:first-of-type .button-group button:first-of-type
191025 [main] INFO com.naveenautomation.TestBases.TestBase  - Finding element by : By.cssSelector: #content .row>div:first-of-type .button-group button:first-of-type
2024-03-09 11:49:38 INFO  TestBase:83 - Found element by : By.cssSelector: #content .row>div:first-of-type .button-group button:first-of-type
191047 [main] INFO com.naveenautomation.TestBases.TestBase  - Found element by : By.cssSelector: #content .row>div:first-of-type .button-group button:first-of-type
2024-03-09 11:49:38 INFO  TestBase:89 - Clicking on element by : [[EdgeDriver: MicrosoftEdge on WINDOWS (2acefb590bc52d909c31733ae609b263)] -> css selector: #content .row>div:first-of-type .button-group button:first-of-type]
191048 [main] INFO com.naveenautomation.TestBases.TestBase  - Clicking on element by : [[EdgeDriver: MicrosoftEdge on WINDOWS (2acefb590bc52d909c31733ae609b263)] -> css selector: #content .row>div:first-of-type .button-group button:first-of-type]
2024-03-09 11:49:38 INFO  TestBase:77 - Finding element by : By.cssSelector: #common-home>div:first-of-type
191146 [main] INFO com.naveenautomation.TestBases.TestBase  - Finding element by : By.cssSelector: #common-home>div:first-of-type
2024-03-09 11:49:38 INFO  TestBase:83 - Found element by : By.cssSelector: #common-home>div:first-of-type
191179 [main] INFO com.naveenautomation.TestBases.TestBase  - Found element by : By.cssSelector: #common-home>div:first-of-type
2024-03-09 11:49:38 INFO  TestBase:148 - Getting text from element  : Featured
MacBook
Intel Core 2 Duo processor Powered by an Intel Core 2 Duo processor at speeds up to 2.16GHz..
$602.00
Ex Tax: $500.00
ADD TO CART
iPhone
iPhone is a revolutionary new mobile phone that allows you to make a call by simply tapping a nam..
$123.20
Ex Tax: $101.00
ADD TO CART
Apple Cinema 30"
The 30-inch Apple Cinema HD Display delivers an amazing 2560 x 1600 pixel resolution. Designed sp..
$110.00 $122.00
Ex Tax: $90.00
ADD TO CART
Canon EOS 5D
Canon's press material for the EOS 5D states that it 'defines (a) new D-SLR category', while we'r..
$98.00 $122.00
Ex Tax: $80.00
ADD TO CART
191281 [main] INFO com.naveenautomation.TestBases.TestBase  - Getting text from element  : Featured
MacBook
Intel Core 2 Duo processor Powered by an Intel Core 2 Duo processor at speeds up to 2.16GHz..
$602.00
Ex Tax: $500.00
ADD TO CART
iPhone
iPhone is a revolutionary new mobile phone that allows you to make a call by simply tapping a nam..
$123.20
Ex Tax: $101.00
ADD TO CART
Apple Cinema 30"
The 30-inch Apple Cinema HD Display delivers an amazing 2560 x 1600 pixel resolution. Designed sp..
$110.00 $122.00
Ex Tax: $90.00
ADD TO CART
Canon EOS 5D
Canon's press material for the EOS 5D states that it 'defines (a) new D-SLR category', while we'r..
$98.00 $122.00
Ex Tax: $80.00
ADD TO CART
2024-03-09 11:49:39 INFO  TestBase:154 - Geot text from element  : Featured
MacBook
Intel Core 2 Duo processor Powered by an Intel Core 2 Duo processor at speeds up to 2.16GHz..
$602.00
Ex Tax: $500.00
ADD TO CART
iPhone
iPhone is a revolutionary new mobile phone that allows you to make a call by simply tapping a nam..
$123.20
Ex Tax: $101.00
ADD TO CART
Apple Cinema 30"
The 30-inch Apple Cinema HD Display delivers an amazing 2560 x 1600 pixel resolution. Designed sp..
$110.00 $122.00
Ex Tax: $90.00
ADD TO CART
Canon EOS 5D
Canon's press material for the EOS 5D states that it 'defines (a) new D-SLR category', while we'r..
$98.00 $122.00
Ex Tax: $80.00
ADD TO CART
191483 [main] INFO com.naveenautomation.TestBases.TestBase  - Geot text from element  : Featured
MacBook
Intel Core 2 Duo processor Powered by an Intel Core 2 Duo processor at speeds up to 2.16GHz..
$602.00
Ex Tax: $500.00
ADD TO CART
iPhone
iPhone is a revolutionary new mobile phone that allows you to make a call by simply tapping a nam..
$123.20
Ex Tax: $101.00
ADD TO CART
Apple Cinema 30"
The 30-inch Apple Cinema HD Display delivers an amazing 2560 x 1600 pixel resolution. Designed sp..
$110.00 $122.00
Ex Tax: $90.00
ADD TO CART
Canon EOS 5D
Canon's press material for the EOS 5D states that it 'defines (a) new D-SLR category', while we'r..
$98.00 $122.00
Ex Tax: $80.00
ADD TO CART
]]></system-out>
    <system-err><![CDATA[Starting Microsoft Edge WebDriver 122.0.2365.80 (bfff41c27eb2a14d912253b34105302b913913cf) on port 45125
To submit feedback, report a bug, or suggest new features, please visit https://github.com/MicrosoftEdge/EdgeWebDriver

Only local connections are allowed.
Please see https://aka.ms/WebDriverSecurity for suggestions on keeping Microsoft Edge WebDriver safe.

Microsoft Edge WebDriver was started successfully.
Mar. 09, 2024 11:49:32 A.M. org.openqa.selenium.remote.ProtocolHandshake createSession
INFO: Detected dialect: W3C
]]></system-err>
  </testcase>
  <testcase name="verifyNaveenWebsiteLogo" classname="naveenautomation.tests.HomePageTest" time="0.071"/>
  <testcase name="validateEditAccount" classname="naveenautomation.tests.MyAccountPageTest" time="1.492">
    <failure message="Right side bar Item not found: Edit Account" type="java.lang.RuntimeException">java.lang.RuntimeException: Right side bar Item not found: Edit Account
	at naveenautomation.tests.MyAccountPageTest.validateEditAccount(MyAccountPageTest.java:103)
</failure>
    <system-out><![CDATA[2024-03-09 11:49:46 INFO  TestBase:63 - Launching Edge Browser
198726 [main] INFO com.naveenautomation.TestBases.TestBase  - Launching Edge Browser
2024-03-09 11:49:50 INFO  TestBase:40 - Loading Page in Browser
203330 [main] INFO com.naveenautomation.TestBases.TestBase  - Loading Page in Browser
2024-03-09 11:49:50 INFO  TestBase:35 - Navigating to URL : https://naveenautomationlabs.com/opencart/index.php?route=account/login
203330 [main] INFO com.naveenautomation.TestBases.TestBase  - Navigating to URL : https://naveenautomationlabs.com/opencart/index.php?route=account/login
2024-03-09 11:49:57 INFO  TestBase:41 - Navigated to URL : https://naveenautomationlabs.com/opencart/index.php?route=account/login
209688 [main] INFO com.naveenautomation.TestBases.TestBase  - Navigated to URL : https://naveenautomationlabs.com/opencart/index.php?route=account/login
2024-03-09 11:49:57 INFO  TestBase:42 - Entering Emaillijosh2@gmail.com
209689 [main] INFO com.naveenautomation.TestBases.TestBase  - Entering Emaillijosh2@gmail.com
2024-03-09 11:49:57 INFO  TestBase:77 - Finding element by : By.id: input-email
209689 [main] INFO com.naveenautomation.TestBases.TestBase  - Finding element by : By.id: input-email
2024-03-09 11:49:57 INFO  TestBase:83 - Found element by : By.id: input-email
209716 [main] INFO com.naveenautomation.TestBases.TestBase  - Found element by : By.id: input-email
2024-03-09 11:49:57 INFO  TestBase:47 - Entering Passwordpassword1
209881 [main] INFO com.naveenautomation.TestBases.TestBase  - Entering Passwordpassword1
2024-03-09 11:49:57 INFO  TestBase:77 - Finding element by : By.id: input-password
209881 [main] INFO com.naveenautomation.TestBases.TestBase  - Finding element by : By.id: input-password
2024-03-09 11:49:57 INFO  TestBase:83 - Found element by : By.id: input-password
209922 [main] INFO com.naveenautomation.TestBases.TestBase  - Found element by : By.id: input-password
2024-03-09 11:49:57 INFO  TestBase:52 - Clicking login button
210035 [main] INFO com.naveenautomation.TestBases.TestBase  - Clicking login button
2024-03-09 11:49:57 INFO  TestBase:77 - Finding element by : By.cssSelector: #content div>div form>input
210035 [main] INFO com.naveenautomation.TestBases.TestBase  - Finding element by : By.cssSelector: #content div>div form>input
2024-03-09 11:49:57 INFO  TestBase:83 - Found element by : By.cssSelector: #content div>div form>input
210071 [main] INFO com.naveenautomation.TestBases.TestBase  - Found element by : By.cssSelector: #content div>div form>input
2024-03-09 11:49:57 INFO  TestBase:89 - Clicking on element by : [[EdgeDriver: MicrosoftEdge on WINDOWS (3887f97f8a8179be1b8c0e50f321717f)] -> css selector: #content div>div form>input]
210072 [main] INFO com.naveenautomation.TestBases.TestBase  - Clicking on element by : [[EdgeDriver: MicrosoftEdge on WINDOWS (3887f97f8a8179be1b8c0e50f321717f)] -> css selector: #content div>div form>input]
2024-03-09 11:49:58 INFO  TestBase:77 - Finding element by : By.cssSelector: #column-right a
210630 [main] INFO com.naveenautomation.TestBases.TestBase  - Finding element by : By.cssSelector: #column-right a
2024-03-09 11:49:58 INFO  TestBase:83 - Found element by : By.cssSelector: #column-right a
210675 [main] INFO com.naveenautomation.TestBases.TestBase  - Found element by : By.cssSelector: #column-right a
2024-03-09 11:49:58 INFO  TestBase:148 - Getting text from element  : Login
210696 [main] INFO com.naveenautomation.TestBases.TestBase  - Getting text from element  : Login
2024-03-09 11:49:58 INFO  TestBase:154 - Geot text from element  : Login
210722 [main] INFO com.naveenautomation.TestBases.TestBase  - Geot text from element  : Login
2024-03-09 11:49:58 INFO  TestBase:148 - Getting text from element  : Register
210733 [main] INFO com.naveenautomation.TestBases.TestBase  - Getting text from element  : Register
2024-03-09 11:49:58 INFO  TestBase:154 - Geot text from element  : Register
210759 [main] INFO com.naveenautomation.TestBases.TestBase  - Geot text from element  : Register
2024-03-09 11:49:58 INFO  TestBase:148 - Getting text from element  : Forgotten Password
210777 [main] INFO com.naveenautomation.TestBases.TestBase  - Getting text from element  : Forgotten Password
2024-03-09 11:49:58 INFO  TestBase:154 - Geot text from element  : Forgotten Password
210807 [main] INFO com.naveenautomation.TestBases.TestBase  - Geot text from element  : Forgotten Password
2024-03-09 11:49:58 INFO  TestBase:148 - Getting text from element  : My Account
210819 [main] INFO com.naveenautomation.TestBases.TestBase  - Getting text from element  : My Account
2024-03-09 11:49:58 INFO  TestBase:154 - Geot text from element  : My Account
210842 [main] INFO com.naveenautomation.TestBases.TestBase  - Geot text from element  : My Account
2024-03-09 11:49:58 INFO  TestBase:148 - Getting text from element  : Address Book
210855 [main] INFO com.naveenautomation.TestBases.TestBase  - Getting text from element  : Address Book
2024-03-09 11:49:58 INFO  TestBase:154 - Geot text from element  : Address Book
210881 [main] INFO com.naveenautomation.TestBases.TestBase  - Geot text from element  : Address Book
2024-03-09 11:49:58 INFO  TestBase:148 - Getting text from element  : Wish List
210894 [main] INFO com.naveenautomation.TestBases.TestBase  - Getting text from element  : Wish List
2024-03-09 11:49:58 INFO  TestBase:154 - Geot text from element  : Wish List
210919 [main] INFO com.naveenautomation.TestBases.TestBase  - Geot text from element  : Wish List
2024-03-09 11:49:58 INFO  TestBase:148 - Getting text from element  : Order History
210932 [main] INFO com.naveenautomation.TestBases.TestBase  - Getting text from element  : Order History
2024-03-09 11:49:58 INFO  TestBase:154 - Geot text from element  : Order History
210960 [main] INFO com.naveenautomation.TestBases.TestBase  - Geot text from element  : Order History
2024-03-09 11:49:58 INFO  TestBase:148 - Getting text from element  : Downloads
210977 [main] INFO com.naveenautomation.TestBases.TestBase  - Getting text from element  : Downloads
2024-03-09 11:49:58 INFO  TestBase:154 - Geot text from element  : Downloads
211004 [main] INFO com.naveenautomation.TestBases.TestBase  - Geot text from element  : Downloads
2024-03-09 11:49:58 INFO  TestBase:148 - Getting text from element  : Recurring payments
211015 [main] INFO com.naveenautomation.TestBases.TestBase  - Getting text from element  : Recurring payments
2024-03-09 11:49:58 INFO  TestBase:154 - Geot text from element  : Recurring payments
211042 [main] INFO com.naveenautomation.TestBases.TestBase  - Geot text from element  : Recurring payments
2024-03-09 11:49:58 INFO  TestBase:148 - Getting text from element  : Reward Points
211055 [main] INFO com.naveenautomation.TestBases.TestBase  - Getting text from element  : Reward Points
2024-03-09 11:49:58 INFO  TestBase:154 - Geot text from element  : Reward Points
211077 [main] INFO com.naveenautomation.TestBases.TestBase  - Geot text from element  : Reward Points
2024-03-09 11:49:58 INFO  TestBase:148 - Getting text from element  : Returns
211089 [main] INFO com.naveenautomation.TestBases.TestBase  - Getting text from element  : Returns
2024-03-09 11:49:58 INFO  TestBase:154 - Geot text from element  : Returns
211111 [main] INFO com.naveenautomation.TestBases.TestBase  - Geot text from element  : Returns
2024-03-09 11:49:58 INFO  TestBase:148 - Getting text from element  : Transactions
211124 [main] INFO com.naveenautomation.TestBases.TestBase  - Getting text from element  : Transactions
2024-03-09 11:49:58 INFO  TestBase:154 - Geot text from element  : Transactions
211145 [main] INFO com.naveenautomation.TestBases.TestBase  - Geot text from element  : Transactions
2024-03-09 11:49:58 INFO  TestBase:148 - Getting text from element  : Newsletter
211159 [main] INFO com.naveenautomation.TestBases.TestBase  - Getting text from element  : Newsletter
2024-03-09 11:49:58 INFO  TestBase:154 - Geot text from element  : Newsletter
211182 [main] INFO com.naveenautomation.TestBases.TestBase  - Geot text from element  : Newsletter
]]></system-out>
    <system-err><![CDATA[Starting Microsoft Edge WebDriver 122.0.2365.80 (bfff41c27eb2a14d912253b34105302b913913cf) on port 4114
To submit feedback, report a bug, or suggest new features, please visit https://github.com/MicrosoftEdge/EdgeWebDriver

Only local connections are allowed.
Please see https://aka.ms/WebDriverSecurity for suggestions on keeping Microsoft Edge WebDriver safe.

Microsoft Edge WebDriver was started successfully.
Mar. 09, 2024 11:49:50 A.M. org.openqa.selenium.remote.ProtocolHandshake createSession
INFO: Detected dialect: W3C
]]></system-err>
  </testcase>
  <testcase name="validateLogin" classname="naveenautomation.tests.MyAccountPageTest" time="1.209">
    <failure message="no such element: Unable to locate element: {&quot;method&quot;:&quot;css selector&quot;,&quot;selector&quot;:&quot;#account-account&gt;div.row h2:first-of-type&quot;}&#10;  (Session info: MicrosoftEdge=122.0.2365.80)&#10;For documentation on this error, please visit: https://www.seleniumhq.org/exceptions/no_such_element.html&#10;Build info: version: &apos;3.141.59&apos;, revision: &apos;e82be7d358&apos;, time: &apos;2018-11-14T08:17:03&apos;&#10;System info: host: &apos;DESKTOP-EFV0BSI&apos;, ip: &apos;192.168.2.29&apos;, os.name: &apos;Windows 10&apos;, os.arch: &apos;amd64&apos;, os.version: &apos;10.0&apos;, java.version: &apos;11.0.16&apos;&#10;Driver info: org.openqa.selenium.edge.EdgeDriver&#10;Capabilities {acceptInsecureCerts: false, browserName: MicrosoftEdge, browserVersion: 122.0.2365.80, fedcm:accounts: true, javascriptEnabled: true, ms:edgeOptions: {debuggerAddress: localhost:62094}, msedge: {msedgedriverVersion: 122.0.2365.80 (bfff41c27eb2..., userDataDir: C:\Users\user\AppData\Local...}, networkConnectionEnabled: false, pageLoadStrategy: normal, platform: WINDOWS, platformName: WINDOWS, proxy: Proxy(), setWindowRect: true, strictFileInteractability: false, timeouts: {implicit: 0, pageLoad: 300000, script: 30000}, unhandledPromptBehavior: dismiss and notify, webauthn:extension:credBlob: true, webauthn:extension:largeBlob: true, webauthn:extension:minPinLength: true, webauthn:extension:prf: true, webauthn:virtualAuthenticators: true}&#10;Session ID: f789a66937acc3b14f0acd31f2ae9728&#10;*** Element info: {Using=css selector, value=#account-account&gt;div.row h2:first-of-type}" type="org.openqa.selenium.NoSuchElementException">org.openqa.selenium.NoSuchElementException: 
no such element: Unable to locate element: {"method":"css selector","selector":"#account-account>div.row h2:first-of-type"}
  (Session info: MicrosoftEdge=122.0.2365.80)
For documentation on this error, please visit: https://www.seleniumhq.org/exceptions/no_such_element.html
Build info: version: '3.141.59', revision: 'e82be7d358', time: '2018-11-14T08:17:03'
System info: host: 'DESKTOP-EFV0BSI', ip: '192.168.2.29', os.name: 'Windows 10', os.arch: 'amd64', os.version: '10.0', java.version: '11.0.16'
Driver info: org.openqa.selenium.edge.EdgeDriver
Capabilities {acceptInsecureCerts: false, browserName: MicrosoftEdge, browserVersion: 122.0.2365.80, fedcm:accounts: true, javascriptEnabled: true, ms:edgeOptions: {debuggerAddress: localhost:62094}, msedge: {msedgedriverVersion: 122.0.2365.80 (bfff41c27eb2..., userDataDir: C:\Users\user\AppData\Local...}, networkConnectionEnabled: false, pageLoadStrategy: normal, platform: WINDOWS, platformName: WINDOWS, proxy: Proxy(), setWindowRect: true, strictFileInteractability: false, timeouts: {implicit: 0, pageLoad: 300000, script: 30000}, unhandledPromptBehavior: dismiss and notify, webauthn:extension:credBlob: true, webauthn:extension:largeBlob: true, webauthn:extension:minPinLength: true, webauthn:extension:prf: true, webauthn:virtualAuthenticators: true}
Session ID: f789a66937acc3b14f0acd31f2ae9728
*** Element info: {Using=css selector, value=#account-account>div.row h2:first-of-type}
	at naveenautomation.tests.MyAccountPageTest.validateLogin(MyAccountPageTest.java:40)
</failure>
    <system-out><![CDATA[2024-03-09 11:49:59 INFO  TestBase:63 - Launching Edge Browser
211435 [main] INFO com.naveenautomation.TestBases.TestBase  - Launching Edge Browser
2024-03-09 11:50:02 INFO  TestBase:40 - Loading Page in Browser
215073 [main] INFO com.naveenautomation.TestBases.TestBase  - Loading Page in Browser
2024-03-09 11:50:02 INFO  TestBase:35 - Navigating to URL : https://naveenautomationlabs.com/opencart/index.php?route=account/login
215074 [main] INFO com.naveenautomation.TestBases.TestBase  - Navigating to URL : https://naveenautomationlabs.com/opencart/index.php?route=account/login
2024-03-09 11:50:05 INFO  TestBase:41 - Navigated to URL : https://naveenautomationlabs.com/opencart/index.php?route=account/login
218376 [main] INFO com.naveenautomation.TestBases.TestBase  - Navigated to URL : https://naveenautomationlabs.com/opencart/index.php?route=account/login
2024-03-09 11:50:05 INFO  TestBase:42 - Entering Emaillijosh2@gmail.com
218377 [main] INFO com.naveenautomation.TestBases.TestBase  - Entering Emaillijosh2@gmail.com
2024-03-09 11:50:05 INFO  TestBase:77 - Finding element by : By.id: input-email
218378 [main] INFO com.naveenautomation.TestBases.TestBase  - Finding element by : By.id: input-email
2024-03-09 11:50:06 INFO  TestBase:83 - Found element by : By.id: input-email
218424 [main] INFO com.naveenautomation.TestBases.TestBase  - Found element by : By.id: input-email
2024-03-09 11:50:06 INFO  TestBase:47 - Entering Passwordpassword
218658 [main] INFO com.naveenautomation.TestBases.TestBase  - Entering Passwordpassword
2024-03-09 11:50:06 INFO  TestBase:77 - Finding element by : By.id: input-password
218658 [main] INFO com.naveenautomation.TestBases.TestBase  - Finding element by : By.id: input-password
2024-03-09 11:50:06 INFO  TestBase:83 - Found element by : By.id: input-password
218731 [main] INFO com.naveenautomation.TestBases.TestBase  - Found element by : By.id: input-password
2024-03-09 11:50:06 INFO  TestBase:52 - Clicking login button
218930 [main] INFO com.naveenautomation.TestBases.TestBase  - Clicking login button
2024-03-09 11:50:06 INFO  TestBase:77 - Finding element by : By.cssSelector: #content div>div form>input
218931 [main] INFO com.naveenautomation.TestBases.TestBase  - Finding element by : By.cssSelector: #content div>div form>input
2024-03-09 11:50:06 INFO  TestBase:83 - Found element by : By.cssSelector: #content div>div form>input
218963 [main] INFO com.naveenautomation.TestBases.TestBase  - Found element by : By.cssSelector: #content div>div form>input
2024-03-09 11:50:06 INFO  TestBase:89 - Clicking on element by : [[EdgeDriver: MicrosoftEdge on WINDOWS (f789a66937acc3b14f0acd31f2ae9728)] -> css selector: #content div>div form>input]
218963 [main] INFO com.naveenautomation.TestBases.TestBase  - Clicking on element by : [[EdgeDriver: MicrosoftEdge on WINDOWS (f789a66937acc3b14f0acd31f2ae9728)] -> css selector: #content div>div form>input]
2024-03-09 11:50:07 INFO  TestBase:77 - Finding element by : By.cssSelector: #account-account>div.row h2:first-of-type
219550 [main] INFO com.naveenautomation.TestBases.TestBase  - Finding element by : By.cssSelector: #account-account>div.row h2:first-of-type
]]></system-out>
    <system-err><![CDATA[Starting Microsoft Edge WebDriver 122.0.2365.80 (bfff41c27eb2a14d912253b34105302b913913cf) on port 43184
To submit feedback, report a bug, or suggest new features, please visit https://github.com/MicrosoftEdge/EdgeWebDriver

Only local connections are allowed.
Please see https://aka.ms/WebDriverSecurity for suggestions on keeping Microsoft Edge WebDriver safe.

Microsoft Edge WebDriver was started successfully.
Mar. 09, 2024 11:50:02 A.M. org.openqa.selenium.remote.ProtocolHandshake createSession
INFO: Detected dialect: W3C
]]></system-err>
  </testcase>
  <testcase name="validatePasswordUpdate" classname="naveenautomation.tests.MyAccountPageTest" time="0.977">
    <failure message="no such element: Unable to locate element: {&quot;method&quot;:&quot;css selector&quot;,&quot;selector&quot;:&quot;#content&gt;ul:nth-of-type(1) li:nth-of-type(2) a&quot;}&#10;  (Session info: MicrosoftEdge=122.0.2365.80)&#10;For documentation on this error, please visit: https://www.seleniumhq.org/exceptions/no_such_element.html&#10;Build info: version: &apos;3.141.59&apos;, revision: &apos;e82be7d358&apos;, time: &apos;2018-11-14T08:17:03&apos;&#10;System info: host: &apos;DESKTOP-EFV0BSI&apos;, ip: &apos;192.168.2.29&apos;, os.name: &apos;Windows 10&apos;, os.arch: &apos;amd64&apos;, os.version: &apos;10.0&apos;, java.version: &apos;11.0.16&apos;&#10;Driver info: org.openqa.selenium.edge.EdgeDriver&#10;Capabilities {acceptInsecureCerts: false, browserName: MicrosoftEdge, browserVersion: 122.0.2365.80, fedcm:accounts: true, javascriptEnabled: true, ms:edgeOptions: {debuggerAddress: localhost:62132}, msedge: {msedgedriverVersion: 122.0.2365.80 (bfff41c27eb2..., userDataDir: C:\Users\user\AppData\Local...}, networkConnectionEnabled: false, pageLoadStrategy: normal, platform: WINDOWS, platformName: WINDOWS, proxy: Proxy(), setWindowRect: true, strictFileInteractability: false, timeouts: {implicit: 0, pageLoad: 300000, script: 30000}, unhandledPromptBehavior: dismiss and notify, webauthn:extension:credBlob: true, webauthn:extension:largeBlob: true, webauthn:extension:minPinLength: true, webauthn:extension:prf: true, webauthn:virtualAuthenticators: true}&#10;Session ID: b4bbf1a4dce9006c7a685426b6848b33&#10;*** Element info: {Using=css selector, value=#content&gt;ul:nth-of-type(1) li:nth-of-type(2) a}" type="org.openqa.selenium.NoSuchElementException">org.openqa.selenium.NoSuchElementException: 
no such element: Unable to locate element: {"method":"css selector","selector":"#content>ul:nth-of-type(1) li:nth-of-type(2) a"}
  (Session info: MicrosoftEdge=122.0.2365.80)
For documentation on this error, please visit: https://www.seleniumhq.org/exceptions/no_such_element.html
Build info: version: '3.141.59', revision: 'e82be7d358', time: '2018-11-14T08:17:03'
System info: host: 'DESKTOP-EFV0BSI', ip: '192.168.2.29', os.name: 'Windows 10', os.arch: 'amd64', os.version: '10.0', java.version: '11.0.16'
Driver info: org.openqa.selenium.edge.EdgeDriver
Capabilities {acceptInsecureCerts: false, browserName: MicrosoftEdge, browserVersion: 122.0.2365.80, fedcm:accounts: true, javascriptEnabled: true, ms:edgeOptions: {debuggerAddress: localhost:62132}, msedge: {msedgedriverVersion: 122.0.2365.80 (bfff41c27eb2..., userDataDir: C:\Users\user\AppData\Local...}, networkConnectionEnabled: false, pageLoadStrategy: normal, platform: WINDOWS, platformName: WINDOWS, proxy: Proxy(), setWindowRect: true, strictFileInteractability: false, timeouts: {implicit: 0, pageLoad: 300000, script: 30000}, unhandledPromptBehavior: dismiss and notify, webauthn:extension:credBlob: true, webauthn:extension:largeBlob: true, webauthn:extension:minPinLength: true, webauthn:extension:prf: true, webauthn:virtualAuthenticators: true}
Session ID: b4bbf1a4dce9006c7a685426b6848b33
*** Element info: {Using=css selector, value=#content>ul:nth-of-type(1) li:nth-of-type(2) a}
	at naveenautomation.tests.MyAccountPageTest.validatePasswordUpdate(MyAccountPageTest.java:89)
</failure>
    <system-out><![CDATA[2024-03-09 11:50:07 INFO  TestBase:63 - Launching Edge Browser
219795 [main] INFO com.naveenautomation.TestBases.TestBase  - Launching Edge Browser
2024-03-09 11:50:11 INFO  TestBase:40 - Loading Page in Browser
223463 [main] INFO com.naveenautomation.TestBases.TestBase  - Loading Page in Browser
2024-03-09 11:50:11 INFO  TestBase:35 - Navigating to URL : https://naveenautomationlabs.com/opencart/index.php?route=account/login
223463 [main] INFO com.naveenautomation.TestBases.TestBase  - Navigating to URL : https://naveenautomationlabs.com/opencart/index.php?route=account/login
2024-03-09 11:50:15 INFO  TestBase:41 - Navigated to URL : https://naveenautomationlabs.com/opencart/index.php?route=account/login
227963 [main] INFO com.naveenautomation.TestBases.TestBase  - Navigated to URL : https://naveenautomationlabs.com/opencart/index.php?route=account/login
2024-03-09 11:50:15 INFO  TestBase:42 - Entering Emaillijosh2@gmail.com
227964 [main] INFO com.naveenautomation.TestBases.TestBase  - Entering Emaillijosh2@gmail.com
2024-03-09 11:50:15 INFO  TestBase:77 - Finding element by : By.id: input-email
227964 [main] INFO com.naveenautomation.TestBases.TestBase  - Finding element by : By.id: input-email
2024-03-09 11:50:15 INFO  TestBase:83 - Found element by : By.id: input-email
227994 [main] INFO com.naveenautomation.TestBases.TestBase  - Found element by : By.id: input-email
2024-03-09 11:50:15 INFO  TestBase:47 - Entering Passwordpassword1
228211 [main] INFO com.naveenautomation.TestBases.TestBase  - Entering Passwordpassword1
2024-03-09 11:50:15 INFO  TestBase:77 - Finding element by : By.id: input-password
228211 [main] INFO com.naveenautomation.TestBases.TestBase  - Finding element by : By.id: input-password
2024-03-09 11:50:15 INFO  TestBase:83 - Found element by : By.id: input-password
228241 [main] INFO com.naveenautomation.TestBases.TestBase  - Found element by : By.id: input-password
2024-03-09 11:50:15 INFO  TestBase:52 - Clicking login button
228342 [main] INFO com.naveenautomation.TestBases.TestBase  - Clicking login button
2024-03-09 11:50:15 INFO  TestBase:77 - Finding element by : By.cssSelector: #content div>div form>input
228342 [main] INFO com.naveenautomation.TestBases.TestBase  - Finding element by : By.cssSelector: #content div>div form>input
2024-03-09 11:50:15 INFO  TestBase:83 - Found element by : By.cssSelector: #content div>div form>input
228372 [main] INFO com.naveenautomation.TestBases.TestBase  - Found element by : By.cssSelector: #content div>div form>input
2024-03-09 11:50:15 INFO  TestBase:89 - Clicking on element by : [[EdgeDriver: MicrosoftEdge on WINDOWS (b4bbf1a4dce9006c7a685426b6848b33)] -> css selector: #content div>div form>input]
228373 [main] INFO com.naveenautomation.TestBases.TestBase  - Clicking on element by : [[EdgeDriver: MicrosoftEdge on WINDOWS (b4bbf1a4dce9006c7a685426b6848b33)] -> css selector: #content div>div form>input]
2024-03-09 11:50:16 INFO  TestBase:77 - Finding element by : By.cssSelector: #content>ul:nth-of-type(1) li:nth-of-type(2) a
228910 [main] INFO com.naveenautomation.TestBases.TestBase  - Finding element by : By.cssSelector: #content>ul:nth-of-type(1) li:nth-of-type(2) a
]]></system-out>
    <system-err><![CDATA[Starting Microsoft Edge WebDriver 122.0.2365.80 (bfff41c27eb2a14d912253b34105302b913913cf) on port 17370
To submit feedback, report a bug, or suggest new features, please visit https://github.com/MicrosoftEdge/EdgeWebDriver

Only local connections are allowed.
Please see https://aka.ms/WebDriverSecurity for suggestions on keeping Microsoft Edge WebDriver safe.

Microsoft Edge WebDriver was started successfully.
Mar. 09, 2024 11:50:10 A.M. org.openqa.selenium.remote.ProtocolHandshake createSession
INFO: Detected dialect: W3C
]]></system-err>
  </testcase>
  <testcase name="validateUserCanEditAffiliateInformation" classname="naveenautomation.tests.MyAccountPageTest" time="1.184">
    <failure message="no such element: Unable to locate element: {&quot;method&quot;:&quot;css selector&quot;,&quot;selector&quot;:&quot;#content&gt;ul:nth-of-type(3) a&quot;}&#10;  (Session info: MicrosoftEdge=122.0.2365.80)&#10;For documentation on this error, please visit: https://www.seleniumhq.org/exceptions/no_such_element.html&#10;Build info: version: &apos;3.141.59&apos;, revision: &apos;e82be7d358&apos;, time: &apos;2018-11-14T08:17:03&apos;&#10;System info: host: &apos;DESKTOP-EFV0BSI&apos;, ip: &apos;192.168.2.29&apos;, os.name: &apos;Windows 10&apos;, os.arch: &apos;amd64&apos;, os.version: &apos;10.0&apos;, java.version: &apos;11.0.16&apos;&#10;Driver info: org.openqa.selenium.edge.EdgeDriver&#10;Capabilities {acceptInsecureCerts: false, browserName: MicrosoftEdge, browserVersion: 122.0.2365.80, fedcm:accounts: true, javascriptEnabled: true, ms:edgeOptions: {debuggerAddress: localhost:62174}, msedge: {msedgedriverVersion: 122.0.2365.80 (bfff41c27eb2..., userDataDir: C:\Users\user\AppData\Local...}, networkConnectionEnabled: false, pageLoadStrategy: normal, platform: WINDOWS, platformName: WINDOWS, proxy: Proxy(), setWindowRect: true, strictFileInteractability: false, timeouts: {implicit: 0, pageLoad: 300000, script: 30000}, unhandledPromptBehavior: dismiss and notify, webauthn:extension:credBlob: true, webauthn:extension:largeBlob: true, webauthn:extension:minPinLength: true, webauthn:extension:prf: true, webauthn:virtualAuthenticators: true}&#10;Session ID: 7466b83427cbd24ee43023712695f301&#10;*** Element info: {Using=css selector, value=#content&gt;ul:nth-of-type(3) a}" type="org.openqa.selenium.NoSuchElementException">org.openqa.selenium.NoSuchElementException: 
no such element: Unable to locate element: {"method":"css selector","selector":"#content>ul:nth-of-type(3) a"}
  (Session info: MicrosoftEdge=122.0.2365.80)
For documentation on this error, please visit: https://www.seleniumhq.org/exceptions/no_such_element.html
Build info: version: '3.141.59', revision: 'e82be7d358', time: '2018-11-14T08:17:03'
System info: host: 'DESKTOP-EFV0BSI', ip: '192.168.2.29', os.name: 'Windows 10', os.arch: 'amd64', os.version: '10.0', java.version: '11.0.16'
Driver info: org.openqa.selenium.edge.EdgeDriver
Capabilities {acceptInsecureCerts: false, browserName: MicrosoftEdge, browserVersion: 122.0.2365.80, fedcm:accounts: true, javascriptEnabled: true, ms:edgeOptions: {debuggerAddress: localhost:62174}, msedge: {msedgedriverVersion: 122.0.2365.80 (bfff41c27eb2..., userDataDir: C:\Users\user\AppData\Local...}, networkConnectionEnabled: false, pageLoadStrategy: normal, platform: WINDOWS, platformName: WINDOWS, proxy: Proxy(), setWindowRect: true, strictFileInteractability: false, timeouts: {implicit: 0, pageLoad: 300000, script: 30000}, unhandledPromptBehavior: dismiss and notify, webauthn:extension:credBlob: true, webauthn:extension:largeBlob: true, webauthn:extension:minPinLength: true, webauthn:extension:prf: true, webauthn:virtualAuthenticators: true}
Session ID: 7466b83427cbd24ee43023712695f301
*** Element info: {Using=css selector, value=#content>ul:nth-of-type(3) a}
	at naveenautomation.tests.MyAccountPageTest.validateUserCanEditAffiliateInformation(MyAccountPageTest.java:48)
</failure>
    <system-out><![CDATA[2024-03-09 11:50:16 INFO  TestBase:63 - Launching Edge Browser
229227 [main] INFO com.naveenautomation.TestBases.TestBase  - Launching Edge Browser
2024-03-09 11:50:20 INFO  TestBase:40 - Loading Page in Browser
232723 [main] INFO com.naveenautomation.TestBases.TestBase  - Loading Page in Browser
2024-03-09 11:50:20 INFO  TestBase:35 - Navigating to URL : https://naveenautomationlabs.com/opencart/index.php?route=account/login
232723 [main] INFO com.naveenautomation.TestBases.TestBase  - Navigating to URL : https://naveenautomationlabs.com/opencart/index.php?route=account/login
2024-03-09 11:50:23 INFO  TestBase:41 - Navigated to URL : https://naveenautomationlabs.com/opencart/index.php?route=account/login
236022 [main] INFO com.naveenautomation.TestBases.TestBase  - Navigated to URL : https://naveenautomationlabs.com/opencart/index.php?route=account/login
2024-03-09 11:50:23 INFO  TestBase:42 - Entering Emaillijosh2@gmail.com
236023 [main] INFO com.naveenautomation.TestBases.TestBase  - Entering Emaillijosh2@gmail.com
2024-03-09 11:50:23 INFO  TestBase:77 - Finding element by : By.id: input-email
236023 [main] INFO com.naveenautomation.TestBases.TestBase  - Finding element by : By.id: input-email
2024-03-09 11:50:23 INFO  TestBase:83 - Found element by : By.id: input-email
236060 [main] INFO com.naveenautomation.TestBases.TestBase  - Found element by : By.id: input-email
2024-03-09 11:50:23 INFO  TestBase:47 - Entering Passwordpassword1
236273 [main] INFO com.naveenautomation.TestBases.TestBase  - Entering Passwordpassword1
2024-03-09 11:50:23 INFO  TestBase:77 - Finding element by : By.id: input-password
236273 [main] INFO com.naveenautomation.TestBases.TestBase  - Finding element by : By.id: input-password
2024-03-09 11:50:23 INFO  TestBase:83 - Found element by : By.id: input-password
236304 [main] INFO com.naveenautomation.TestBases.TestBase  - Found element by : By.id: input-password
2024-03-09 11:50:24 INFO  TestBase:52 - Clicking login button
236454 [main] INFO com.naveenautomation.TestBases.TestBase  - Clicking login button
2024-03-09 11:50:24 INFO  TestBase:77 - Finding element by : By.cssSelector: #content div>div form>input
236455 [main] INFO com.naveenautomation.TestBases.TestBase  - Finding element by : By.cssSelector: #content div>div form>input
2024-03-09 11:50:24 INFO  TestBase:83 - Found element by : By.cssSelector: #content div>div form>input
236542 [main] INFO com.naveenautomation.TestBases.TestBase  - Found element by : By.cssSelector: #content div>div form>input
2024-03-09 11:50:24 INFO  TestBase:89 - Clicking on element by : [[EdgeDriver: MicrosoftEdge on WINDOWS (7466b83427cbd24ee43023712695f301)] -> css selector: #content div>div form>input]
236542 [main] INFO com.naveenautomation.TestBases.TestBase  - Clicking on element by : [[EdgeDriver: MicrosoftEdge on WINDOWS (7466b83427cbd24ee43023712695f301)] -> css selector: #content div>div form>input]
2024-03-09 11:50:24 INFO  TestBase:77 - Finding element by : By.cssSelector: #content>ul:nth-of-type(3) a
237174 [main] INFO com.naveenautomation.TestBases.TestBase  - Finding element by : By.cssSelector: #content>ul:nth-of-type(3) a
]]></system-out>
    <system-err><![CDATA[Starting Microsoft Edge WebDriver 122.0.2365.80 (bfff41c27eb2a14d912253b34105302b913913cf) on port 29281
To submit feedback, report a bug, or suggest new features, please visit https://github.com/MicrosoftEdge/EdgeWebDriver

Only local connections are allowed.
Please see https://aka.ms/WebDriverSecurity for suggestions on keeping Microsoft Edge WebDriver safe.

Microsoft Edge WebDriver was started successfully.
Mar. 09, 2024 11:50:20 A.M. org.openqa.selenium.remote.ProtocolHandshake createSession
INFO: Detected dialect: W3C
]]></system-err>
  </testcase>
  <testcase name="validateUserCanSubscribeNewsLetter" classname="naveenautomation.tests.MyAccountPageTest" time="3.771">
    <failure message="no such element: Unable to locate element: {&quot;method&quot;:&quot;css selector&quot;,&quot;selector&quot;:&quot;.radio-inline:first-of-type input&quot;}&#10;  (Session info: MicrosoftEdge=122.0.2365.80)&#10;For documentation on this error, please visit: https://www.seleniumhq.org/exceptions/no_such_element.html&#10;Build info: version: &apos;3.141.59&apos;, revision: &apos;e82be7d358&apos;, time: &apos;2018-11-14T08:17:03&apos;&#10;System info: host: &apos;DESKTOP-EFV0BSI&apos;, ip: &apos;192.168.2.29&apos;, os.name: &apos;Windows 10&apos;, os.arch: &apos;amd64&apos;, os.version: &apos;10.0&apos;, java.version: &apos;11.0.16&apos;&#10;Driver info: org.openqa.selenium.edge.EdgeDriver&#10;Capabilities {acceptInsecureCerts: false, browserName: MicrosoftEdge, browserVersion: 122.0.2365.80, fedcm:accounts: true, javascriptEnabled: true, ms:edgeOptions: {debuggerAddress: localhost:62215}, msedge: {msedgedriverVersion: 122.0.2365.80 (bfff41c27eb2..., userDataDir: C:\Users\user\AppData\Local...}, networkConnectionEnabled: false, pageLoadStrategy: normal, platform: WINDOWS, platformName: WINDOWS, proxy: Proxy(), setWindowRect: true, strictFileInteractability: false, timeouts: {implicit: 0, pageLoad: 300000, script: 30000}, unhandledPromptBehavior: dismiss and notify, webauthn:extension:credBlob: true, webauthn:extension:largeBlob: true, webauthn:extension:minPinLength: true, webauthn:extension:prf: true, webauthn:virtualAuthenticators: true}&#10;Session ID: 90cc42a67fca0ecfbc267a2805410cc2&#10;*** Element info: {Using=css selector, value=.radio-inline:first-of-type input}" type="org.openqa.selenium.NoSuchElementException">org.openqa.selenium.NoSuchElementException: 
no such element: Unable to locate element: {"method":"css selector","selector":".radio-inline:first-of-type input"}
  (Session info: MicrosoftEdge=122.0.2365.80)
For documentation on this error, please visit: https://www.seleniumhq.org/exceptions/no_such_element.html
Build info: version: '3.141.59', revision: 'e82be7d358', time: '2018-11-14T08:17:03'
System info: host: 'DESKTOP-EFV0BSI', ip: '192.168.2.29', os.name: 'Windows 10', os.arch: 'amd64', os.version: '10.0', java.version: '11.0.16'
Driver info: org.openqa.selenium.edge.EdgeDriver
Capabilities {acceptInsecureCerts: false, browserName: MicrosoftEdge, browserVersion: 122.0.2365.80, fedcm:accounts: true, javascriptEnabled: true, ms:edgeOptions: {debuggerAddress: localhost:62215}, msedge: {msedgedriverVersion: 122.0.2365.80 (bfff41c27eb2..., userDataDir: C:\Users\user\AppData\Local...}, networkConnectionEnabled: false, pageLoadStrategy: normal, platform: WINDOWS, platformName: WINDOWS, proxy: Proxy(), setWindowRect: true, strictFileInteractability: false, timeouts: {implicit: 0, pageLoad: 300000, script: 30000}, unhandledPromptBehavior: dismiss and notify, webauthn:extension:credBlob: true, webauthn:extension:largeBlob: true, webauthn:extension:minPinLength: true, webauthn:extension:prf: true, webauthn:virtualAuthenticators: true}
Session ID: 90cc42a67fca0ecfbc267a2805410cc2
*** Element info: {Using=css selector, value=.radio-inline:first-of-type input}
	at naveenautomation.tests.MyAccountPageTest.validateUserCanSubscribeNewsLetter(MyAccountPageTest.java:59)
</failure>
    <system-out><![CDATA[2024-03-09 11:50:25 INFO  TestBase:63 - Launching Edge Browser
237482 [main] INFO com.naveenautomation.TestBases.TestBase  - Launching Edge Browser
2024-03-09 11:50:28 INFO  TestBase:40 - Loading Page in Browser
240973 [main] INFO com.naveenautomation.TestBases.TestBase  - Loading Page in Browser
2024-03-09 11:50:28 INFO  TestBase:35 - Navigating to URL : https://naveenautomationlabs.com/opencart/index.php?route=account/login
240973 [main] INFO com.naveenautomation.TestBases.TestBase  - Navigating to URL : https://naveenautomationlabs.com/opencart/index.php?route=account/login
2024-03-09 11:50:32 INFO  TestBase:41 - Navigated to URL : https://naveenautomationlabs.com/opencart/index.php?route=account/login
244592 [main] INFO com.naveenautomation.TestBases.TestBase  - Navigated to URL : https://naveenautomationlabs.com/opencart/index.php?route=account/login
2024-03-09 11:50:32 INFO  TestBase:42 - Entering Emaillijosh2@gmail.com
244593 [main] INFO com.naveenautomation.TestBases.TestBase  - Entering Emaillijosh2@gmail.com
2024-03-09 11:50:32 INFO  TestBase:77 - Finding element by : By.id: input-email
244593 [main] INFO com.naveenautomation.TestBases.TestBase  - Finding element by : By.id: input-email
2024-03-09 11:50:32 INFO  TestBase:83 - Found element by : By.id: input-email
244656 [main] INFO com.naveenautomation.TestBases.TestBase  - Found element by : By.id: input-email
2024-03-09 11:50:33 INFO  TestBase:47 - Entering Passwordpassword1
245575 [main] INFO com.naveenautomation.TestBases.TestBase  - Entering Passwordpassword1
2024-03-09 11:50:33 INFO  TestBase:77 - Finding element by : By.id: input-password
245575 [main] INFO com.naveenautomation.TestBases.TestBase  - Finding element by : By.id: input-password
2024-03-09 11:50:33 INFO  TestBase:83 - Found element by : By.id: input-password
245704 [main] INFO com.naveenautomation.TestBases.TestBase  - Found element by : By.id: input-password
2024-03-09 11:50:33 INFO  TestBase:52 - Clicking login button
245960 [main] INFO com.naveenautomation.TestBases.TestBase  - Clicking login button
2024-03-09 11:50:33 INFO  TestBase:77 - Finding element by : By.cssSelector: #content div>div form>input
245960 [main] INFO com.naveenautomation.TestBases.TestBase  - Finding element by : By.cssSelector: #content div>div form>input
2024-03-09 11:50:33 INFO  TestBase:83 - Found element by : By.cssSelector: #content div>div form>input
246073 [main] INFO com.naveenautomation.TestBases.TestBase  - Found element by : By.cssSelector: #content div>div form>input
2024-03-09 11:50:33 INFO  TestBase:89 - Clicking on element by : [[EdgeDriver: MicrosoftEdge on WINDOWS (90cc42a67fca0ecfbc267a2805410cc2)] -> css selector: #content div>div form>input]
246073 [main] INFO com.naveenautomation.TestBases.TestBase  - Clicking on element by : [[EdgeDriver: MicrosoftEdge on WINDOWS (90cc42a67fca0ecfbc267a2805410cc2)] -> css selector: #content div>div form>input]
2024-03-09 11:50:34 INFO  TestBase:77 - Finding element by : By.cssSelector: #column-right a
246779 [main] INFO com.naveenautomation.TestBases.TestBase  - Finding element by : By.cssSelector: #column-right a
2024-03-09 11:50:34 INFO  TestBase:83 - Found element by : By.cssSelector: #column-right a
246826 [main] INFO com.naveenautomation.TestBases.TestBase  - Found element by : By.cssSelector: #column-right a
2024-03-09 11:50:34 INFO  TestBase:148 - Getting text from element  : Login
246855 [main] INFO com.naveenautomation.TestBases.TestBase  - Getting text from element  : Login
2024-03-09 11:50:34 INFO  TestBase:154 - Geot text from element  : Login
246881 [main] INFO com.naveenautomation.TestBases.TestBase  - Geot text from element  : Login
2024-03-09 11:50:34 INFO  TestBase:148 - Getting text from element  : Register
246897 [main] INFO com.naveenautomation.TestBases.TestBase  - Getting text from element  : Register
2024-03-09 11:50:34 INFO  TestBase:154 - Geot text from element  : Register
246929 [main] INFO com.naveenautomation.TestBases.TestBase  - Geot text from element  : Register
2024-03-09 11:50:34 INFO  TestBase:148 - Getting text from element  : Forgotten Password
246947 [main] INFO com.naveenautomation.TestBases.TestBase  - Getting text from element  : Forgotten Password
2024-03-09 11:50:34 INFO  TestBase:154 - Geot text from element  : Forgotten Password
246981 [main] INFO com.naveenautomation.TestBases.TestBase  - Geot text from element  : Forgotten Password
2024-03-09 11:50:34 INFO  TestBase:148 - Getting text from element  : My Account
246998 [main] INFO com.naveenautomation.TestBases.TestBase  - Getting text from element  : My Account
2024-03-09 11:50:34 INFO  TestBase:154 - Geot text from element  : My Account
247036 [main] INFO com.naveenautomation.TestBases.TestBase  - Geot text from element  : My Account
2024-03-09 11:50:34 INFO  TestBase:148 - Getting text from element  : Address Book
247189 [main] INFO com.naveenautomation.TestBases.TestBase  - Getting text from element  : Address Book
2024-03-09 11:50:34 INFO  TestBase:154 - Geot text from element  : Address Book
247231 [main] INFO com.naveenautomation.TestBases.TestBase  - Geot text from element  : Address Book
2024-03-09 11:50:34 INFO  TestBase:148 - Getting text from element  : Wish List
247248 [main] INFO com.naveenautomation.TestBases.TestBase  - Getting text from element  : Wish List
2024-03-09 11:50:34 INFO  TestBase:154 - Geot text from element  : Wish List
247286 [main] INFO com.naveenautomation.TestBases.TestBase  - Geot text from element  : Wish List
2024-03-09 11:50:34 INFO  TestBase:148 - Getting text from element  : Order History
247297 [main] INFO com.naveenautomation.TestBases.TestBase  - Getting text from element  : Order History
2024-03-09 11:50:34 INFO  TestBase:154 - Geot text from element  : Order History
247328 [main] INFO com.naveenautomation.TestBases.TestBase  - Geot text from element  : Order History
2024-03-09 11:50:34 INFO  TestBase:148 - Getting text from element  : Downloads
247344 [main] INFO com.naveenautomation.TestBases.TestBase  - Getting text from element  : Downloads
2024-03-09 11:50:34 INFO  TestBase:154 - Geot text from element  : Downloads
247379 [main] INFO com.naveenautomation.TestBases.TestBase  - Geot text from element  : Downloads
2024-03-09 11:50:35 INFO  TestBase:148 - Getting text from element  : Recurring payments
247395 [main] INFO com.naveenautomation.TestBases.TestBase  - Getting text from element  : Recurring payments
2024-03-09 11:50:35 INFO  TestBase:154 - Geot text from element  : Recurring payments
247423 [main] INFO com.naveenautomation.TestBases.TestBase  - Geot text from element  : Recurring payments
2024-03-09 11:50:35 INFO  TestBase:148 - Getting text from element  : Reward Points
247434 [main] INFO com.naveenautomation.TestBases.TestBase  - Getting text from element  : Reward Points
2024-03-09 11:50:35 INFO  TestBase:154 - Geot text from element  : Reward Points
247454 [main] INFO com.naveenautomation.TestBases.TestBase  - Geot text from element  : Reward Points
2024-03-09 11:50:35 INFO  TestBase:148 - Getting text from element  : Returns
247464 [main] INFO com.naveenautomation.TestBases.TestBase  - Getting text from element  : Returns
2024-03-09 11:50:35 INFO  TestBase:154 - Geot text from element  : Returns
247486 [main] INFO com.naveenautomation.TestBases.TestBase  - Geot text from element  : Returns
2024-03-09 11:50:35 INFO  TestBase:148 - Getting text from element  : Transactions
247494 [main] INFO com.naveenautomation.TestBases.TestBase  - Getting text from element  : Transactions
2024-03-09 11:50:35 INFO  TestBase:154 - Geot text from element  : Transactions
247514 [main] INFO com.naveenautomation.TestBases.TestBase  - Geot text from element  : Transactions
2024-03-09 11:50:35 INFO  TestBase:148 - Getting text from element  : Newsletter
247525 [main] INFO com.naveenautomation.TestBases.TestBase  - Getting text from element  : Newsletter
2024-03-09 11:50:35 INFO  TestBase:154 - Geot text from element  : Newsletter
247545 [main] INFO com.naveenautomation.TestBases.TestBase  - Geot text from element  : Newsletter
2024-03-09 11:50:35 INFO  TestBase:89 - Clicking on element by : [[EdgeDriver: MicrosoftEdge on WINDOWS (90cc42a67fca0ecfbc267a2805410cc2)] -> css selector: #column-right a]
247545 [main] INFO com.naveenautomation.TestBases.TestBase  - Clicking on element by : [[EdgeDriver: MicrosoftEdge on WINDOWS (90cc42a67fca0ecfbc267a2805410cc2)] -> css selector: #column-right a]
2024-03-09 11:50:35 INFO  TestBase:77 - Finding element by : By.cssSelector: .radio-inline:first-of-type input
248331 [main] INFO com.naveenautomation.TestBases.TestBase  - Finding element by : By.cssSelector: .radio-inline:first-of-type input
]]></system-out>
    <system-err><![CDATA[Starting Microsoft Edge WebDriver 122.0.2365.80 (bfff41c27eb2a14d912253b34105302b913913cf) on port 20355
To submit feedback, report a bug, or suggest new features, please visit https://github.com/MicrosoftEdge/EdgeWebDriver

Only local connections are allowed.
Please see https://aka.ms/WebDriverSecurity for suggestions on keeping Microsoft Edge WebDriver safe.

Microsoft Edge WebDriver was started successfully.
Mar. 09, 2024 11:50:28 A.M. org.openqa.selenium.remote.ProtocolHandshake createSession
INFO: Detected dialect: W3C
]]></system-err>
  </testcase>
  <testcase name="validateOrderHistoryPageNavigation" classname="naveenautomation.tests.OrderHistoryPageTest" time="3.695">
    <failure message="no such element: Unable to locate element: {&quot;method&quot;:&quot;css selector&quot;,&quot;selector&quot;:&quot;#content h1&quot;}&#10;  (Session info: MicrosoftEdge=122.0.2365.80)&#10;For documentation on this error, please visit: https://www.seleniumhq.org/exceptions/no_such_element.html&#10;Build info: version: &apos;3.141.59&apos;, revision: &apos;e82be7d358&apos;, time: &apos;2018-11-14T08:17:03&apos;&#10;System info: host: &apos;DESKTOP-EFV0BSI&apos;, ip: &apos;192.168.2.29&apos;, os.name: &apos;Windows 10&apos;, os.arch: &apos;amd64&apos;, os.version: &apos;10.0&apos;, java.version: &apos;11.0.16&apos;&#10;Driver info: org.openqa.selenium.edge.EdgeDriver&#10;Capabilities {acceptInsecureCerts: false, browserName: MicrosoftEdge, browserVersion: 122.0.2365.80, fedcm:accounts: true, javascriptEnabled: true, ms:edgeOptions: {debuggerAddress: localhost:62262}, msedge: {msedgedriverVersion: 122.0.2365.80 (bfff41c27eb2..., userDataDir: C:\Users\user\AppData\Local...}, networkConnectionEnabled: false, pageLoadStrategy: normal, platform: WINDOWS, platformName: WINDOWS, proxy: Proxy(), setWindowRect: true, strictFileInteractability: false, timeouts: {implicit: 0, pageLoad: 300000, script: 30000}, unhandledPromptBehavior: dismiss and notify, webauthn:extension:credBlob: true, webauthn:extension:largeBlob: true, webauthn:extension:minPinLength: true, webauthn:extension:prf: true, webauthn:virtualAuthenticators: true}&#10;Session ID: 8567faaadccd884181a5d44adc1b5f7d&#10;*** Element info: {Using=css selector, value=#content h1}" type="org.openqa.selenium.NoSuchElementException">org.openqa.selenium.NoSuchElementException: 
no such element: Unable to locate element: {"method":"css selector","selector":"#content h1"}
  (Session info: MicrosoftEdge=122.0.2365.80)
For documentation on this error, please visit: https://www.seleniumhq.org/exceptions/no_such_element.html
Build info: version: '3.141.59', revision: 'e82be7d358', time: '2018-11-14T08:17:03'
System info: host: 'DESKTOP-EFV0BSI', ip: '192.168.2.29', os.name: 'Windows 10', os.arch: 'amd64', os.version: '10.0', java.version: '11.0.16'
Driver info: org.openqa.selenium.edge.EdgeDriver
Capabilities {acceptInsecureCerts: false, browserName: MicrosoftEdge, browserVersion: 122.0.2365.80, fedcm:accounts: true, javascriptEnabled: true, ms:edgeOptions: {debuggerAddress: localhost:62262}, msedge: {msedgedriverVersion: 122.0.2365.80 (bfff41c27eb2..., userDataDir: C:\Users\user\AppData\Local...}, networkConnectionEnabled: false, pageLoadStrategy: normal, platform: WINDOWS, platformName: WINDOWS, proxy: Proxy(), setWindowRect: true, strictFileInteractability: false, timeouts: {implicit: 0, pageLoad: 300000, script: 30000}, unhandledPromptBehavior: dismiss and notify, webauthn:extension:credBlob: true, webauthn:extension:largeBlob: true, webauthn:extension:minPinLength: true, webauthn:extension:prf: true, webauthn:virtualAuthenticators: true}
Session ID: 8567faaadccd884181a5d44adc1b5f7d
*** Element info: {Using=css selector, value=#content h1}
	at naveenautomation.tests.OrderHistoryPageTest.validateOrderHistoryPageNavigation(OrderHistoryPageTest.java:32)
</failure>
    <system-out><![CDATA[2024-03-09 11:50:36 INFO  TestBase:63 - Launching Edge Browser
248736 [main] INFO com.naveenautomation.TestBases.TestBase  - Launching Edge Browser
2024-03-09 11:50:39 INFO  TestBase:40 - Loading Page in Browser
252154 [main] INFO com.naveenautomation.TestBases.TestBase  - Loading Page in Browser
2024-03-09 11:50:39 INFO  TestBase:35 - Navigating to URL : https://naveenautomationlabs.com/opencart/index.php?route=account/login
252154 [main] INFO com.naveenautomation.TestBases.TestBase  - Navigating to URL : https://naveenautomationlabs.com/opencart/index.php?route=account/login
2024-03-09 11:50:43 INFO  TestBase:41 - Navigated to URL : https://naveenautomationlabs.com/opencart/index.php?route=account/login
256224 [main] INFO com.naveenautomation.TestBases.TestBase  - Navigated to URL : https://naveenautomationlabs.com/opencart/index.php?route=account/login
2024-03-09 11:50:43 INFO  TestBase:42 - Entering Emaillijosh2@gmail.com
256225 [main] INFO com.naveenautomation.TestBases.TestBase  - Entering Emaillijosh2@gmail.com
2024-03-09 11:50:43 INFO  TestBase:77 - Finding element by : By.id: input-email
256226 [main] INFO com.naveenautomation.TestBases.TestBase  - Finding element by : By.id: input-email
2024-03-09 11:50:43 INFO  TestBase:83 - Found element by : By.id: input-email
256263 [main] INFO com.naveenautomation.TestBases.TestBase  - Found element by : By.id: input-email
2024-03-09 11:50:44 INFO  TestBase:47 - Entering Passwordpassword1
256910 [main] INFO com.naveenautomation.TestBases.TestBase  - Entering Passwordpassword1
2024-03-09 11:50:44 INFO  TestBase:77 - Finding element by : By.id: input-password
256910 [main] INFO com.naveenautomation.TestBases.TestBase  - Finding element by : By.id: input-password
2024-03-09 11:50:44 INFO  TestBase:83 - Found element by : By.id: input-password
256996 [main] INFO com.naveenautomation.TestBases.TestBase  - Found element by : By.id: input-password
2024-03-09 11:50:44 INFO  TestBase:52 - Clicking login button
257257 [main] INFO com.naveenautomation.TestBases.TestBase  - Clicking login button
2024-03-09 11:50:44 INFO  TestBase:77 - Finding element by : By.cssSelector: #content div>div form>input
257258 [main] INFO com.naveenautomation.TestBases.TestBase  - Finding element by : By.cssSelector: #content div>div form>input
2024-03-09 11:50:45 INFO  TestBase:83 - Found element by : By.cssSelector: #content div>div form>input
257393 [main] INFO com.naveenautomation.TestBases.TestBase  - Found element by : By.cssSelector: #content div>div form>input
2024-03-09 11:50:45 INFO  TestBase:89 - Clicking on element by : [[EdgeDriver: MicrosoftEdge on WINDOWS (8567faaadccd884181a5d44adc1b5f7d)] -> css selector: #content div>div form>input]
257393 [main] INFO com.naveenautomation.TestBases.TestBase  - Clicking on element by : [[EdgeDriver: MicrosoftEdge on WINDOWS (8567faaadccd884181a5d44adc1b5f7d)] -> css selector: #content div>div form>input]
2024-03-09 11:50:45 INFO  TestBase:77 - Finding element by : By.cssSelector: #column-right a
258202 [main] INFO com.naveenautomation.TestBases.TestBase  - Finding element by : By.cssSelector: #column-right a
2024-03-09 11:50:45 INFO  TestBase:83 - Found element by : By.cssSelector: #column-right a
258246 [main] INFO com.naveenautomation.TestBases.TestBase  - Found element by : By.cssSelector: #column-right a
2024-03-09 11:50:45 INFO  TestBase:148 - Getting text from element  : Login
258293 [main] INFO com.naveenautomation.TestBases.TestBase  - Getting text from element  : Login
2024-03-09 11:50:45 INFO  TestBase:154 - Geot text from element  : Login
258331 [main] INFO com.naveenautomation.TestBases.TestBase  - Geot text from element  : Login
2024-03-09 11:50:45 INFO  TestBase:148 - Getting text from element  : Register
258344 [main] INFO com.naveenautomation.TestBases.TestBase  - Getting text from element  : Register
2024-03-09 11:50:45 INFO  TestBase:154 - Geot text from element  : Register
258373 [main] INFO com.naveenautomation.TestBases.TestBase  - Geot text from element  : Register
2024-03-09 11:50:46 INFO  TestBase:148 - Getting text from element  : Forgotten Password
258389 [main] INFO com.naveenautomation.TestBases.TestBase  - Getting text from element  : Forgotten Password
2024-03-09 11:50:46 INFO  TestBase:154 - Geot text from element  : Forgotten Password
258414 [main] INFO com.naveenautomation.TestBases.TestBase  - Geot text from element  : Forgotten Password
2024-03-09 11:50:46 INFO  TestBase:148 - Getting text from element  : My Account
258430 [main] INFO com.naveenautomation.TestBases.TestBase  - Getting text from element  : My Account
2024-03-09 11:50:46 INFO  TestBase:154 - Geot text from element  : My Account
258462 [main] INFO com.naveenautomation.TestBases.TestBase  - Geot text from element  : My Account
2024-03-09 11:50:46 INFO  TestBase:148 - Getting text from element  : Address Book
258476 [main] INFO com.naveenautomation.TestBases.TestBase  - Getting text from element  : Address Book
2024-03-09 11:50:46 INFO  TestBase:154 - Geot text from element  : Address Book
258507 [main] INFO com.naveenautomation.TestBases.TestBase  - Geot text from element  : Address Book
2024-03-09 11:50:46 INFO  TestBase:148 - Getting text from element  : Wish List
258527 [main] INFO com.naveenautomation.TestBases.TestBase  - Getting text from element  : Wish List
2024-03-09 11:50:46 INFO  TestBase:154 - Geot text from element  : Wish List
258564 [main] INFO com.naveenautomation.TestBases.TestBase  - Geot text from element  : Wish List
2024-03-09 11:50:46 INFO  TestBase:148 - Getting text from element  : Order History
258579 [main] INFO com.naveenautomation.TestBases.TestBase  - Getting text from element  : Order History
2024-03-09 11:50:46 INFO  TestBase:154 - Geot text from element  : Order History
258610 [main] INFO com.naveenautomation.TestBases.TestBase  - Geot text from element  : Order History
2024-03-09 11:50:46 INFO  TestBase:89 - Clicking on element by : [[EdgeDriver: MicrosoftEdge on WINDOWS (8567faaadccd884181a5d44adc1b5f7d)] -> css selector: #column-right a]
258610 [main] INFO com.naveenautomation.TestBases.TestBase  - Clicking on element by : [[EdgeDriver: MicrosoftEdge on WINDOWS (8567faaadccd884181a5d44adc1b5f7d)] -> css selector: #column-right a]
2024-03-09 11:50:47 INFO  TestBase:77 - Finding element by : By.cssSelector: #content h1
259888 [main] INFO com.naveenautomation.TestBases.TestBase  - Finding element by : By.cssSelector: #content h1
]]></system-out>
    <system-err><![CDATA[Starting Microsoft Edge WebDriver 122.0.2365.80 (bfff41c27eb2a14d912253b34105302b913913cf) on port 32209
To submit feedback, report a bug, or suggest new features, please visit https://github.com/MicrosoftEdge/EdgeWebDriver

Only local connections are allowed.
Please see https://aka.ms/WebDriverSecurity for suggestions on keeping Microsoft Edge WebDriver safe.

Microsoft Edge WebDriver was started successfully.
Mar. 09, 2024 11:50:39 A.M. org.openqa.selenium.remote.ProtocolHandshake createSession
INFO: Detected dialect: W3C
]]></system-err>
  </testcase>
  <testcase name="validatePrivacyPolicyPageNavigation" classname="naveenautomation.tests.PrivacyPolicyPageTest" time="1.029"/>
  <testcase name="verifyAddtoCart" classname="naveenautomation.tests.ProductId43PageTest" time="4.406"/>
  <testcase name="verifySearchPageHeader" classname="naveenautomation.tests.ProductSearchPageTest" time="0.964"/>
</testsuite>